#
# There is insufficient memory for the Java Runtime Environment to continue.
# Native memory allocation (mmap) failed to map 103284736 bytes for committing reserved memory.
# Possible reasons:
#   The system is out of physical RAM or swap space
#   The process is running with CompressedOops enabled, and the Java Heap may be blocking the growth of the native heap
# Possible solutions:
#   Reduce memory load on the system
#   Increase physical memory or swap space
#   Check if swap backing store is full
#   Decrease Java heap size (-Xmx/-Xms)
#   Decrease number of Java threads
#   Decrease Java thread stack sizes (-Xss)
#   Set larger code cache with -XX:ReservedCodeCacheSize=
#   JVM is running with Unscaled Compressed Oops mode in which the Java heap is
#     placed in the first 4GB address space. The Java Heap base address is the
#     maximum limit for the native heap growth. Please use -XX:HeapBaseMinAddress
#     to set the Java Heap base and to place the Java Heap above 4GB virtual address.
# This output file may be truncated or incomplete.
#
#  Out of Memory Error (os_linux.cpp:2757), pid=25709, tid=0x00007fa8738f8700
#
# JRE version: OpenJDK Runtime Environment (8.0_222-b10) (build 1.8.0_222-8u222-b10-1ubuntu1~18.04.1-b10)
# Java VM: OpenJDK 64-Bit Server VM (25.222-b10 mixed mode linux-amd64 compressed oops)
# Failed to write core dump. Core dumps have been disabled. To enable core dumping, try "ulimit -c unlimited" before starting Java again
#

---------------  T H R E A D  ---------------

Current thread (0x00007fa8901cb000):  VMThread [stack: 0x00007fa8737f9000,0x00007fa8738f9000] [id=25722]

Stack: [0x00007fa8737f9000,0x00007fa8738f9000],  sp=0x00007fa8738f74a0,  free space=1017k
Native frames: (J=compiled Java code, j=interpreted, Vv=VM code, C=native code)
V  [libjvm.so+0xab8992]
V  [libjvm.so+0x4dbfd7]
V  [libjvm.so+0x8f33a0]
V  [libjvm.so+0x8ea46e]
V  [libjvm.so+0x96e106]
V  [libjvm.so+0x96f478]
V  [libjvm.so+0x96ba76]
V  [libjvm.so+0x96be0c]
V  [libjvm.so+0x91a5a8]
V  [libjvm.so+0xaba662]
V  [libjvm.so+0xabf1d6]
V  [libjvm.so+0xabd4d5]
V  [libjvm.so+0xabddad]
V  [libjvm.so+0xabe1b8]
V  [libjvm.so+0x8f0732]

VM_Operation (0x00007fa8622d5400): ParallelGCFailedAllocation, mode: safepoint, requested by thread 0x00007fa893500000


---------------  P R O C E S S  ---------------

Java Threads: ( => current thread )
  0x00007fa893500000 JavaThread "pool-6-thread-4" [_thread_blocked, id=25952, stack(0x00007fa8621db000,0x00007fa8622dc000)]
  0x00007fa7f050e000 JavaThread "pool-4-thread-6" [_thread_blocked, id=25924, stack(0x00007fa8628f5000,0x00007fa8629f6000)]
  0x00007fa7f050d000 JavaThread "pool-4-thread-5" [_thread_blocked, id=25923, stack(0x00007fa8629f6000,0x00007fa862af7000)]
  0x00007fa7f02f1000 JavaThread "pool-4-thread-4" [_thread_blocked, id=25922, stack(0x00007fa862af7000,0x00007fa862bf8000)]
  0x00007fa7f02f0000 JavaThread "pool-4-thread-3" [_thread_blocked, id=25921, stack(0x00007fa862bf8000,0x00007fa862cf9000)]
  0x00007fa7f04eb800 JavaThread "pool-4-thread-2" [_thread_blocked, id=25920, stack(0x00007fa862cf9000,0x00007fa862dfa000)]
  0x00007fa7f04e9000 JavaThread "pool-4-thread-1" [_thread_blocked, id=25919, stack(0x00007fa862dfa000,0x00007fa862efb000)]
  0x00007fa89245f800 JavaThread "Log4j2-TF-1-AsyncLogger[AsyncContext@229d10bd]-1" daemon [_thread_blocked, id=25762, stack(0x00007fa871934000,0x00007fa871a35000)]
  0x00007fa890225000 JavaThread "Service Thread" daemon [_thread_blocked, id=25732, stack(0x00007fa872be9000,0x00007fa872cea000)]
  0x00007fa890221800 JavaThread "C1 CompilerThread3" daemon [_thread_blocked, id=25731, stack(0x00007fa872ceb000,0x00007fa872deb000)]
  0x00007fa89021f800 JavaThread "C2 CompilerThread2" daemon [_thread_blocked, id=25730, stack(0x00007fa872dec000,0x00007fa872eec000)]
  0x00007fa89021e000 JavaThread "C2 CompilerThread1" daemon [_thread_blocked, id=25729, stack(0x00007fa872eed000,0x00007fa872fed000)]
  0x00007fa89021b000 JavaThread "C2 CompilerThread0" daemon [_thread_blocked, id=25728, stack(0x00007fa872fee000,0x00007fa8730ee000)]
  0x00007fa890219000 JavaThread "JDWP Event Helper Thread" daemon [_thread_blocked, id=25727, stack(0x00007fa8730ee000,0x00007fa8731ef000)]
  0x00007fa890215000 JavaThread "JDWP Transport Listener: dt_socket" daemon [_thread_in_native, id=25726, stack(0x00007fa8731ef000,0x00007fa8732f0000)]
  0x00007fa890209000 JavaThread "Signal Dispatcher" daemon [_thread_blocked, id=25725, stack(0x00007fa8734f5000,0x00007fa8735f6000)]
  0x00007fa8901d7800 JavaThread "Finalizer" daemon [_thread_blocked, id=25724, stack(0x00007fa8735f6000,0x00007fa8736f7000)]
  0x00007fa8901d5000 JavaThread "Reference Handler" daemon [_thread_blocked, id=25723, stack(0x00007fa8736f7000,0x00007fa8737f8000)]
  0x00007fa89000e000 JavaThread "main" [_thread_blocked, id=25713, stack(0x00007fa8998ce000,0x00007fa8999ce000)]

Other Threads:
=>0x00007fa8901cb000 VMThread [stack: 0x00007fa8737f9000,0x00007fa8738f9000] [id=25722]
  0x00007fa890227800 WatcherThread [stack: 0x00007fa872ae9000,0x00007fa872be9000] [id=25733]

VM state:at safepoint (normal execution)

VM Mutex/Monitor currently owned by a thread:  ([mutex/lock_event])
[0x00007fa89000a5d0] Threads_lock - owner thread: 0x00007fa8901cb000
[0x00007fa89000aad0] Heap_lock - owner thread: 0x00007fa893500000

heap address: 0x00000000a0000000, size: 1536 MB, Compressed Oops mode: 32-bit
Narrow klass base: 0x0000000000000000, Narrow klass shift: 3
Compressed class space size: 1073741824 Address: 0x0000000100000000

Heap:
 PSYoungGen      total 276480K, used 10432K [0x00000000e0000000, 0x00000000f1e00000, 0x0000000100000000)
  eden space 260096K, 0% used [0x00000000e0000000,0x00000000e0000000,0x00000000efe00000)
  from space 16384K, 63% used [0x00000000f0e00000,0x00000000f1830308,0x00000000f1e00000)
  to   space 15360K, 0% used [0x00000000efe00000,0x00000000efe00000,0x00000000f0d00000)
 ParOldGen       total 143360K, used 35054K [0x00000000a0000000, 0x00000000a8c00000, 0x00000000e0000000)
  object space 143360K, 24% used [0x00000000a0000000,0x00000000a223bad0,0x00000000a8c00000)
 Metaspace       used 72872K, capacity 81235K, committed 81280K, reserved 1120256K
  class space    used 9840K, capacity 10344K, committed 10368K, reserved 1048576K

Card table byte_map: [0x00007fa894d57000,0x00007fa895058000] byte_map_base: 0x00007fa894857000

Marking Bits: (ParMarkBitMap*) 0x00007fa898b65360
 Begin Bits: [0x00007fa879000000, 0x00007fa87a800000)
 End Bits:   [0x00007fa87a800000, 0x00007fa87c000000)

Polling page: 0x00007fa8999e6000

CodeCache: size=245760Kb used=27164Kb max_used=27323Kb free=218596Kb
 bounds [0x00007fa881000000, 0x00007fa882ae0000, 0x00007fa890000000]
 total_blobs=8859 nmethods=8241 adapters=535
 compilation: enabled

Compilation events (10 events):
Event: 590.766 Thread 0x00007fa890221800 nmethod 9833 0x00007fa882abbcd0 code [0x00007fa882abc060, 0x00007fa882abdc68]
Event: 590.884 Thread 0x00007fa890221800 9835       3       org.apache.ivy.core.settings.IvyVariableContainerImpl::getVariable (54 bytes)
Event: 635.562 Thread 0x00007fa890221800 nmethod 9835 0x00007fa882261550 code [0x00007fa882261720, 0x00007fa882261e38]
Event: 635.823 Thread 0x00007fa890221800 9839       3       com.sun.org.apache.xerces.internal.impl.XMLDocumentFragmentScannerImpl::setDocumentHandler (6 bytes)
Event: 637.269 Thread 0x00007fa89021b000 nmethod 9831 0x00007fa881164310 code [0x00007fa8811644e0, 0x00007fa881164f18]
Event: 639.500 Thread 0x00007fa89021e000 9841       4       java.io.File::getName (42 bytes)
Event: 639.582 Thread 0x00007fa890221800 nmethod 9839 0x00007fa8816b3010 code [0x00007fa8816b3160, 0x00007fa8816b32d0]
Event: 639.735 Thread 0x00007fa890221800 9836       1       java.io.ExpiringCache::access$000 (5 bytes)
Event: 640.215 Thread 0x00007fa890221800 nmethod 9836 0x00007fa882a75f10 code [0x00007fa882a76060, 0x00007fa882a76150]
Event: 644.350 Thread 0x00007fa89021b000 9842       4       com.sun.org.apache.xerces.internal.utils.SecuritySupport$4::run (8 bytes)

GC Heap History (10 events):
Event: 22.103 GC heap after
Heap after GC invocations=18 (full 3):
 PSYoungGen      total 197632K, used 11379K [0x00000000e0000000, 0x00000000f1c00000, 0x0000000100000000)
  eden space 182272K, 0% used [0x00000000e0000000,0x00000000e0000000,0x00000000eb200000)
  from space 15360K, 74% used [0x00000000eb200000,0x00000000ebd1ce58,0x00000000ec100000)
  to   space 15360K, 0% used [0x00000000f0d00000,0x00000000f0d00000,0x00000000f1c00000)
 ParOldGen       total 143360K, used 31243K [0x00000000a0000000, 0x00000000a8c00000, 0x00000000e0000000)
  object space 143360K, 21% used [0x00000000a0000000,0x00000000a1e82dd8,0x00000000a8c00000)
 Metaspace       used 68134K, capacity 75617K, committed 75776K, reserved 1116160K
  class space    used 9221K, capacity 9682K, committed 9728K, reserved 1048576K
}
Event: 24.147 GC heap before
{Heap before GC invocations=19 (full 3):
 PSYoungGen      total 197632K, used 64725K [0x00000000e0000000, 0x00000000f1c00000, 0x0000000100000000)
  eden space 182272K, 29% used [0x00000000e0000000,0x00000000e34188a8,0x00000000eb200000)
  from space 15360K, 74% used [0x00000000eb200000,0x00000000ebd1ce58,0x00000000ec100000)
  to   space 15360K, 0% used [0x00000000f0d00000,0x00000000f0d00000,0x00000000f1c00000)
 ParOldGen       total 143360K, used 31243K [0x00000000a0000000, 0x00000000a8c00000, 0x00000000e0000000)
  object space 143360K, 21% used [0x00000000a0000000,0x00000000a1e82dd8,0x00000000a8c00000)
 Metaspace       used 71825K, capacity 79839K, committed 79872K, reserved 1118208K
  class space    used 9729K, capacity 10224K, committed 10240K, reserved 1048576K
Event: 24.188 GC heap after
Heap after GC invocations=19 (full 3):
 PSYoungGen      total 275456K, used 7119K [0x00000000e0000000, 0x00000000f1c00000, 0x0000000100000000)
  eden space 260096K, 0% used [0x00000000e0000000,0x00000000e0000000,0x00000000efe00000)
  from space 15360K, 46% used [0x00000000f0d00000,0x00000000f13f3fe8,0x00000000f1c00000)
  to   space 15360K, 0% used [0x00000000efe00000,0x00000000efe00000,0x00000000f0d00000)
 ParOldGen       total 143360K, used 33189K [0x00000000a0000000, 0x00000000a8c00000, 0x00000000e0000000)
  object space 143360K, 23% used [0x00000000a0000000,0x00000000a2069440,0x00000000a8c00000)
 Metaspace       used 71825K, capacity 79839K, committed 79872K, reserved 1118208K
  class space    used 9729K, capacity 10224K, committed 10240K, reserved 1048576K
}
Event: 24.189 GC heap before
{Heap before GC invocations=20 (full 4):
 PSYoungGen      total 275456K, used 7119K [0x00000000e0000000, 0x00000000f1c00000, 0x0000000100000000)
  eden space 260096K, 0% used [0x00000000e0000000,0x00000000e0000000,0x00000000efe00000)
  from space 15360K, 46% used [0x00000000f0d00000,0x00000000f13f3fe8,0x00000000f1c00000)
  to   space 15360K, 0% used [0x00000000efe00000,0x00000000efe00000,0x00000000f0d00000)
 ParOldGen       total 143360K, used 33189K [0x00000000a0000000, 0x00000000a8c00000, 0x00000000e0000000)
  object space 143360K, 23% used [0x00000000a0000000,0x00000000a2069440,0x00000000a8c00000)
 Metaspace       used 71825K, capacity 79839K, committed 79872K, reserved 1118208K
  class space    used 9729K, capacity 10224K, committed 10240K, reserved 1048576K
Event: 24.689 GC heap after
Heap after GC invocations=20 (full 4):
 PSYoungGen      total 275456K, used 0K [0x00000000e0000000, 0x00000000f1c00000, 0x0000000100000000)
  eden space 260096K, 0% used [0x00000000e0000000,0x00000000e0000000,0x00000000efe00000)
  from space 15360K, 0% used [0x00000000f0d00000,0x00000000f0d00000,0x00000000f1c00000)
  to   space 15360K, 0% used [0x00000000efe00000,0x00000000efe00000,0x00000000f0d00000)
 ParOldGen       total 143360K, used 37134K [0x00000000a0000000, 0x00000000a8c00000, 0x00000000e0000000)
  object space 143360K, 25% used [0x00000000a0000000,0x00000000a2443a48,0x00000000a8c00000)
 Metaspace       used 71737K, capacity 79675K, committed 79872K, reserved 1118208K
  class space    used 9699K, capacity 10187K, committed 10240K, reserved 1048576K
}
Event: 24.772 GC heap before
{Heap before GC invocations=21 (full 4):
 PSYoungGen      total 275456K, used 4903K [0x00000000e0000000, 0x00000000f1c00000, 0x0000000100000000)
  eden space 260096K, 1% used [0x00000000e0000000,0x00000000e04c9fd0,0x00000000efe00000)
  from space 15360K, 0% used [0x00000000f0d00000,0x00000000f0d00000,0x00000000f1c00000)
  to   space 15360K, 0% used [0x00000000efe00000,0x00000000efe00000,0x00000000f0d00000)
 ParOldGen       total 143360K, used 37134K [0x00000000a0000000, 0x00000000a8c00000, 0x00000000e0000000)
  object space 143360K, 25% used [0x00000000a0000000,0x00000000a2443a48,0x00000000a8c00000)
 Metaspace       used 71739K, capacity 79675K, committed 79872K, reserved 1118208K
  class space    used 9700K, capacity 10187K, committed 10240K, reserved 1048576K
Event: 24.780 GC heap after
Heap after GC invocations=21 (full 4):
 PSYoungGen      total 275456K, used 64K [0x00000000e0000000, 0x00000000f1e00000, 0x0000000100000000)
  eden space 260096K, 0% used [0x00000000e0000000,0x00000000e0000000,0x00000000efe00000)
  from space 15360K, 0% used [0x00000000efe00000,0x00000000efe10000,0x00000000f0d00000)
  to   space 16384K, 0% used [0x00000000f0e00000,0x00000000f0e00000,0x00000000f1e00000)
 ParOldGen       total 143360K, used 37134K [0x00000000a0000000, 0x00000000a8c00000, 0x00000000e0000000)
  object space 143360K, 25% used [0x00000000a0000000,0x00000000a2443a48,0x00000000a8c00000)
 Metaspace       used 71739K, capacity 79675K, committed 79872K, reserved 1118208K
  class space    used 9700K, capacity 10187K, committed 10240K, reserved 1048576K
}
Event: 24.780 GC heap before
{Heap before GC invocations=22 (full 5):
 PSYoungGen      total 275456K, used 64K [0x00000000e0000000, 0x00000000f1e00000, 0x0000000100000000)
  eden space 260096K, 0% used [0x00000000e0000000,0x00000000e0000000,0x00000000efe00000)
  from space 15360K, 0% used [0x00000000efe00000,0x00000000efe10000,0x00000000f0d00000)
  to   space 16384K, 0% used [0x00000000f0e00000,0x00000000f0e00000,0x00000000f1e00000)
 ParOldGen       total 143360K, used 37134K [0x00000000a0000000, 0x00000000a8c00000, 0x00000000e0000000)
  object space 143360K, 25% used [0x00000000a0000000,0x00000000a2443a48,0x00000000a8c00000)
 Metaspace       used 71739K, capacity 79675K, committed 79872K, reserved 1118208K
  class space    used 9700K, capacity 10187K, committed 10240K, reserved 1048576K
Event: 25.157 GC heap after
Heap after GC invocations=22 (full 5):
 PSYoungGen      total 275456K, used 0K [0x00000000e0000000, 0x00000000f1e00000, 0x0000000100000000)
  eden space 260096K, 0% used [0x00000000e0000000,0x00000000e0000000,0x00000000efe00000)
  from space 15360K, 0% used [0x00000000efe00000,0x00000000efe00000,0x00000000f0d00000)
  to   space 16384K, 0% used [0x00000000f0e00000,0x00000000f0e00000,0x00000000f1e00000)
 ParOldGen       total 143360K, used 35054K [0x00000000a0000000, 0x00000000a8c00000, 0x00000000e0000000)
  object space 143360K, 24% used [0x00000000a0000000,0x00000000a223bad0,0x00000000a8c00000)
 Metaspace       used 71739K, capacity 79675K, committed 79872K, reserved 1118208K
  class space    used 9700K, capacity 10187K, committed 10240K, reserved 1048576K
}
Event: 650.177 GC heap before
{Heap before GC invocations=23 (full 5):
 PSYoungGen      total 275456K, used 260096K [0x00000000e0000000, 0x00000000f1e00000, 0x0000000100000000)
  eden space 260096K, 100% used [0x00000000e0000000,0x00000000efe00000,0x00000000efe00000)
  from space 15360K, 0% used [0x00000000efe00000,0x00000000efe00000,0x00000000f0d00000)
  to   space 16384K, 0% used [0x00000000f0e00000,0x00000000f0e00000,0x00000000f1e00000)
 ParOldGen       total 143360K, used 35054K [0x00000000a0000000, 0x00000000a8c00000, 0x00000000e0000000)
  object space 143360K, 24% used [0x00000000a0000000,0x00000000a223bad0,0x00000000a8c00000)
 Metaspace       used 72872K, capacity 81235K, committed 81280K, reserved 1120256K
  class space    used 9840K, capacity 10344K, committed 10368K, reserved 1048576K

Deoptimization events (10 events):
Event: 30.794 Thread 0x00007fa893500000 Uncommon trap: reason=class_check action=maybe_recompile pc=0x00007fa88254b25c method=java.util.AbstractCollection.toString()Ljava/lang/String; @ 1
Event: 30.807 Thread 0x00007fa893500000 Uncommon trap: reason=unstable_if action=reinterpret pc=0x00007fa88275e490 method=org.apache.ivy.core.settings.IvySettings.debugConflictResolution()Z @ 4
Event: 31.095 Thread 0x00007fa893500000 Uncommon trap: reason=bimorphic action=maybe_recompile pc=0x00007fa8826c10ac method=org.apache.ivy.core.resolve.IvyNode.getDependencies(Ljava/lang/String;Ljava/lang/String;Ljava/lang/String;)Ljava/util/Collection; @ 84
Event: 81.467 Thread 0x00007fa893500000 Uncommon trap: reason=class_check action=maybe_recompile pc=0x00007fa8811fbbe8 method=java.util.HashMap.removeNode(ILjava/lang/Object;Ljava/lang/Object;ZZ)Ljava/util/HashMap$Node; @ 283
Event: 93.691 Thread 0x00007fa8934ff000 Uncommon trap: reason=unstable_if action=reinterpret pc=0x00007fa88281d5a0 method=java.util.concurrent.locks.AbstractQueuedSynchronizer.enq(Ljava/util/concurrent/locks/AbstractQueuedSynchronizer$Node;)Ljava/util/concurrent/locks/AbstractQueuedSynchronizer
Event: 93.691 Thread 0x00007fa8934fb800 Uncommon trap: reason=unstable_if action=reinterpret pc=0x00007fa88281d5a0 method=java.util.concurrent.locks.AbstractQueuedSynchronizer.enq(Ljava/util/concurrent/locks/AbstractQueuedSynchronizer$Node;)Ljava/util/concurrent/locks/AbstractQueuedSynchronizer
Event: 125.564 Thread 0x00007fa893500000 Uncommon trap: reason=class_check action=maybe_recompile pc=0x00007fa8811fbbe8 method=java.util.HashMap.removeNode(ILjava/lang/Object;Ljava/lang/Object;ZZ)Ljava/util/HashMap$Node; @ 283
Event: 176.005 Thread 0x00007fa893500000 Uncommon trap: reason=class_check action=maybe_recompile pc=0x00007fa8811fbbe8 method=java.util.HashMap.removeNode(ILjava/lang/Object;Ljava/lang/Object;ZZ)Ljava/util/HashMap$Node; @ 283
Event: 499.156 Thread 0x00007fa893500000 Uncommon trap: reason=class_check action=maybe_recompile pc=0x00007fa8811fbbe8 method=java.util.HashMap.removeNode(ILjava/lang/Object;Ljava/lang/Object;ZZ)Ljava/util/HashMap$Node; @ 283
Event: 590.765 Thread 0x00007fa893500000 Uncommon trap: reason=class_check action=maybe_recompile pc=0x00007fa8823d622c method=java.util.HashMap.removeNode(ILjava/lang/Object;Ljava/lang/Object;ZZ)Ljava/util/HashMap$Node; @ 283

Classes redefined (0 events):
No events

Internal exceptions (10 events):
Event: 29.784 Thread 0x00007fa8934fc800 Exception <a 'sun/nio/fs/UnixException'> (0x00000000e26fd1f0) thrown at [/build/openjdk-8-OqY7zN/openjdk-8-8u222-b10/src/hotspot/src/share/vm/prims/jni.cpp, line 710]
Event: 29.784 Thread 0x00007fa8934fc800 Exception <a 'sun/nio/fs/UnixException'> (0x00000000e26fda90) thrown at [/build/openjdk-8-OqY7zN/openjdk-8-8u222-b10/src/hotspot/src/share/vm/prims/jni.cpp, line 710]
Event: 29.784 Thread 0x00007fa8934fc800 Exception <a 'sun/nio/fs/UnixException'> (0x00000000e26fe6a8) thrown at [/build/openjdk-8-OqY7zN/openjdk-8-8u222-b10/src/hotspot/src/share/vm/prims/jni.cpp, line 710]
Event: 29.784 Thread 0x00007fa8934fc800 Exception <a 'sun/nio/fs/UnixException'> (0x00000000e26fef48) thrown at [/build/openjdk-8-OqY7zN/openjdk-8-8u222-b10/src/hotspot/src/share/vm/prims/jni.cpp, line 710]
Event: 29.784 Thread 0x00007fa8934fc800 Exception <a 'sun/nio/fs/UnixException'> (0x00000000e26ffb58) thrown at [/build/openjdk-8-OqY7zN/openjdk-8-8u222-b10/src/hotspot/src/share/vm/prims/jni.cpp, line 710]
Event: 29.784 Thread 0x00007fa8934fc800 Exception <a 'sun/nio/fs/UnixException'> (0x00000000e27003f8) thrown at [/build/openjdk-8-OqY7zN/openjdk-8-8u222-b10/src/hotspot/src/share/vm/prims/jni.cpp, line 710]
Event: 29.784 Thread 0x00007fa8934fc800 Exception <a 'sun/nio/fs/UnixException'> (0x00000000e2701040) thrown at [/build/openjdk-8-OqY7zN/openjdk-8-8u222-b10/src/hotspot/src/share/vm/prims/jni.cpp, line 710]
Event: 29.784 Thread 0x00007fa8934fc800 Exception <a 'sun/nio/fs/UnixException'> (0x00000000e27018e0) thrown at [/build/openjdk-8-OqY7zN/openjdk-8-8u222-b10/src/hotspot/src/share/vm/prims/jni.cpp, line 710]
Event: 29.856 Thread 0x00007fa893500000 Exception <a 'sun/nio/fs/UnixException'> (0x00000000e25d2678) thrown at [/build/openjdk-8-OqY7zN/openjdk-8-8u222-b10/src/hotspot/src/share/vm/prims/jni.cpp, line 710]
Event: 30.806 Thread 0x00007fa893500000 Implicit null exception at 0x00007fa88275443c to 0x00007fa88275e44d

Events (10 events):
Event: 647.319 Thread 0x00007fa89245f800 DEOPT UNPACKING pc=0x00007fa8810474c4 sp=0x00007fa871a335a0 mode 1
Event: 647.329 Thread 0x00007fa89245f800 DEOPT PACKING pc=0x00007fa881beb478 sp=0x00007fa871a33850
Event: 647.329 Thread 0x00007fa89245f800 DEOPT UNPACKING pc=0x00007fa8810474c4 sp=0x00007fa871a335a0 mode 1
Event: 647.476 Thread 0x00007fa89245f800 DEOPT PACKING pc=0x00007fa881beb478 sp=0x00007fa871a33850
Event: 647.476 Thread 0x00007fa89245f800 DEOPT UNPACKING pc=0x00007fa8810474c4 sp=0x00007fa871a335a0 mode 1
Event: 647.487 Thread 0x00007fa89245f800 DEOPT PACKING pc=0x00007fa881beb478 sp=0x00007fa871a33850
Event: 647.487 Thread 0x00007fa89245f800 DEOPT UNPACKING pc=0x00007fa8810474c4 sp=0x00007fa871a335a0 mode 1
Event: 647.497 Thread 0x00007fa89245f800 DEOPT PACKING pc=0x00007fa881beb478 sp=0x00007fa871a33850
Event: 647.497 Thread 0x00007fa89245f800 DEOPT UNPACKING pc=0x00007fa8810474c4 sp=0x00007fa871a335a0 mode 1
Event: 649.050 Executing VM operation: ParallelGCFailedAllocation


Dynamic libraries:
a0000000-a8c00000 rw-p 00000000 00:00 0 
a8c00000-e0000000 ---p 00000000 00:00 0 
e0000000-f1e00000 rw-p 00000000 00:00 0 
f8080000-100000000 ---p 00000000 00:00 0 
100000000-100a20000 rw-p 00000000 00:00 0 
100a20000-140000000 ---p 00000000 00:00 0 
564e2f581000-564e2f582000 r-xp 00000000 08:07 4984279                    /usr/lib/jvm/java-8-openjdk-amd64/jre/bin/java
564e2f781000-564e2f782000 r--p 00000000 08:07 4984279                    /usr/lib/jvm/java-8-openjdk-amd64/jre/bin/java
564e2f782000-564e2f783000 rw-p 00001000 08:07 4984279                    /usr/lib/jvm/java-8-openjdk-amd64/jre/bin/java
564e2fe9a000-564e2febb000 rw-p 00000000 00:00 0                          [heap]
7fa7b4000000-7fa7b4021000 rw-p 00000000 00:00 0 
7fa7b4021000-7fa7b8000000 ---p 00000000 00:00 0 
7fa7b8000000-7fa7b8021000 rw-p 00000000 00:00 0 
7fa7b8021000-7fa7bc000000 ---p 00000000 00:00 0 
7fa7bc000000-7fa7bc021000 rw-p 00000000 00:00 0 
7fa7bc021000-7fa7c0000000 ---p 00000000 00:00 0 
7fa7c0000000-7fa7c0021000 rw-p 00000000 00:00 0 
7fa7c0021000-7fa7c4000000 ---p 00000000 00:00 0 
7fa7c4000000-7fa7c4021000 rw-p 00000000 00:00 0 
7fa7c4021000-7fa7c8000000 ---p 00000000 00:00 0 
7fa7c8000000-7fa7c8021000 rw-p 00000000 00:00 0 
7fa7c8021000-7fa7cc000000 ---p 00000000 00:00 0 
7fa7cc000000-7fa7cc2ec000 rw-p 00000000 00:00 0 
7fa7cc2ec000-7fa7d0000000 ---p 00000000 00:00 0 
7fa7d0000000-7fa7d0021000 rw-p 00000000 00:00 0 
7fa7d0021000-7fa7d4000000 ---p 00000000 00:00 0 
7fa7d4000000-7fa7d4042000 rw-p 00000000 00:00 0 
7fa7d4042000-7fa7d8000000 ---p 00000000 00:00 0 
7fa7d8000000-7fa7d8077000 rw-p 00000000 00:00 0 
7fa7d8077000-7fa7dc000000 ---p 00000000 00:00 0 
7fa7dc000000-7fa7dc042000 rw-p 00000000 00:00 0 
7fa7dc042000-7fa7e0000000 ---p 00000000 00:00 0 
7fa7e0000000-7fa7e0049000 rw-p 00000000 00:00 0 
7fa7e0049000-7fa7e4000000 ---p 00000000 00:00 0 
7fa7e4000000-7fa7e40c7000 rw-p 00000000 00:00 0 
7fa7e40c7000-7fa7e8000000 ---p 00000000 00:00 0 
7fa7e8000000-7fa7e8038000 rw-p 00000000 00:00 0 
7fa7e8038000-7fa7ec000000 ---p 00000000 00:00 0 
7fa7ec000000-7fa7ec021000 rw-p 00000000 00:00 0 
7fa7ec021000-7fa7f0000000 ---p 00000000 00:00 0 
7fa7f0000000-7fa7f076d000 rw-p 00000000 00:00 0 
7fa7f076d000-7fa7f4000000 ---p 00000000 00:00 0 
7fa7f4000000-7fa7f403c000 rw-p 00000000 00:00 0 
7fa7f403c000-7fa7f8000000 ---p 00000000 00:00 0 
7fa7f8000000-7fa7f8028000 rw-p 00000000 00:00 0 
7fa7f8028000-7fa7fc000000 ---p 00000000 00:00 0 
7fa7fc000000-7fa7fc021000 rw-p 00000000 00:00 0 
7fa7fc021000-7fa800000000 ---p 00000000 00:00 0 
7fa800000000-7fa80010c000 rw-p 00000000 00:00 0 
7fa80010c000-7fa804000000 ---p 00000000 00:00 0 
7fa804000000-7fa80409e000 rw-p 00000000 00:00 0 
7fa80409e000-7fa808000000 ---p 00000000 00:00 0 
7fa808000000-7fa808021000 rw-p 00000000 00:00 0 
7fa808021000-7fa80c000000 ---p 00000000 00:00 0 
7fa80c000000-7fa80c021000 rw-p 00000000 00:00 0 
7fa80c021000-7fa810000000 ---p 00000000 00:00 0 
7fa810000000-7fa810021000 rw-p 00000000 00:00 0 
7fa810021000-7fa814000000 ---p 00000000 00:00 0 
7fa814000000-7fa8140fa000 rw-p 00000000 00:00 0 
7fa8140fa000-7fa818000000 ---p 00000000 00:00 0 
7fa818000000-7fa818021000 rw-p 00000000 00:00 0 
7fa818021000-7fa81c000000 ---p 00000000 00:00 0 
7fa81c000000-7fa81c021000 rw-p 00000000 00:00 0 
7fa81c021000-7fa820000000 ---p 00000000 00:00 0 
7fa820000000-7fa820021000 rw-p 00000000 00:00 0 
7fa820021000-7fa824000000 ---p 00000000 00:00 0 
7fa824000000-7fa826f44000 rw-p 00000000 00:00 0 
7fa826f44000-7fa828000000 ---p 00000000 00:00 0 
7fa828000000-7fa8290d5000 rw-p 00000000 00:00 0 
7fa8290d5000-7fa82c000000 ---p 00000000 00:00 0 
7fa82c000000-7fa82f3a4000 rw-p 00000000 00:00 0 
7fa82f3a4000-7fa830000000 ---p 00000000 00:00 0 
7fa830000000-7fa8331d7000 rw-p 00000000 00:00 0 
7fa8331d7000-7fa834000000 ---p 00000000 00:00 0 
7fa834000000-7fa834021000 rw-p 00000000 00:00 0 
7fa834021000-7fa838000000 ---p 00000000 00:00 0 
7fa838000000-7fa838021000 rw-p 00000000 00:00 0 
7fa838021000-7fa83c000000 ---p 00000000 00:00 0 
7fa83c000000-7fa83c021000 rw-p 00000000 00:00 0 
7fa83c021000-7fa840000000 ---p 00000000 00:00 0 
7fa840000000-7fa840021000 rw-p 00000000 00:00 0 
7fa840021000-7fa844000000 ---p 00000000 00:00 0 
7fa844000000-7fa844203000 rw-p 00000000 00:00 0 
7fa844203000-7fa848000000 ---p 00000000 00:00 0 
7fa848000000-7fa848021000 rw-p 00000000 00:00 0 
7fa848021000-7fa84c000000 ---p 00000000 00:00 0 
7fa84c000000-7fa84c021000 rw-p 00000000 00:00 0 
7fa84c021000-7fa850000000 ---p 00000000 00:00 0 
7fa850000000-7fa850021000 rw-p 00000000 00:00 0 
7fa850021000-7fa854000000 ---p 00000000 00:00 0 
7fa854000000-7fa854021000 rw-p 00000000 00:00 0 
7fa854021000-7fa858000000 ---p 00000000 00:00 0 
7fa85c000000-7fa85c021000 rw-p 00000000 00:00 0 
7fa85c021000-7fa860000000 ---p 00000000 00:00 0 
7fa8618d4000-7fa861a14000 rw-p 00000000 00:00 0 
7fa861a14000-7fa861ad7000 ---p 00000000 00:00 0 
7fa861ad7000-7fa861bd5000 rw-p 00000000 00:00 0 
7fa861bd5000-7fa861bd8000 ---p 00000000 00:00 0 
7fa861bd8000-7fa861cd6000 rw-p 00000000 00:00 0 
7fa861cd6000-7fa861cd9000 ---p 00000000 00:00 0 
7fa861cd9000-7fa861dd7000 rw-p 00000000 00:00 0 
7fa861dd7000-7fa861dda000 ---p 00000000 00:00 0 
7fa861dda000-7fa861ed8000 rw-p 00000000 00:00 0 
7fa861ed8000-7fa861edb000 ---p 00000000 00:00 0 
7fa861edb000-7fa861fd9000 rw-p 00000000 00:00 0 
7fa861fd9000-7fa861fdc000 ---p 00000000 00:00 0 
7fa861fdc000-7fa8620da000 rw-p 00000000 00:00 0 
7fa8620da000-7fa8620dd000 ---p 00000000 00:00 0 
7fa8620dd000-7fa8621db000 rw-p 00000000 00:00 0 
7fa8621db000-7fa8621de000 ---p 00000000 00:00 0 
7fa8621de000-7fa8624dc000 rw-p 00000000 00:00 0 
7fa8624dc000-7fa8626dc000 rw-p 00000000 00:00 0 
7fa8626dc000-7fa8626f4000 r-xp 00000000 08:07 4850330                    /tmp/jna--306702204/jna2021701689981808818.tmp (deleted)
7fa8626f4000-7fa8628f4000 ---p 00018000 08:07 4850330                    /tmp/jna--306702204/jna2021701689981808818.tmp (deleted)
7fa8628f4000-7fa8628f5000 rw-p 00018000 08:07 4850330                    /tmp/jna--306702204/jna2021701689981808818.tmp (deleted)
7fa8628f5000-7fa8628f8000 ---p 00000000 00:00 0 
7fa8628f8000-7fa8629f6000 rw-p 00000000 00:00 0 
7fa8629f6000-7fa8629f9000 ---p 00000000 00:00 0 
7fa8629f9000-7fa862af7000 rw-p 00000000 00:00 0 
7fa862af7000-7fa862afa000 ---p 00000000 00:00 0 
7fa862afa000-7fa862bf8000 rw-p 00000000 00:00 0 
7fa862bf8000-7fa862bfb000 ---p 00000000 00:00 0 
7fa862bfb000-7fa862cf9000 rw-p 00000000 00:00 0 
7fa862cf9000-7fa862cfc000 ---p 00000000 00:00 0 
7fa862cfc000-7fa862dfa000 rw-p 00000000 00:00 0 
7fa862dfa000-7fa862dfd000 ---p 00000000 00:00 0 
7fa862dfd000-7fa8630fb000 rw-p 00000000 00:00 0 
7fa8630fb000-7fa8632fb000 rw-p 00000000 00:00 0 
7fa8632fb000-7fa8634fb000 rw-p 00000000 00:00 0 
7fa8634fb000-7fa8636fb000 rw-p 00000000 00:00 0 
7fa8636fb000-7fa8636fe000 ---p 00000000 00:00 0 
7fa8636fe000-7fa8639fc000 rw-p 00000000 00:00 0 
7fa8639fc000-7fa863bfc000 rw-p 00000000 00:00 0 
7fa863bfc000-7fa863bff000 ---p 00000000 00:00 0 
7fa863bff000-7fa863cfd000 rw-p 00000000 00:00 0 
7fa863cfd000-7fa863d00000 ---p 00000000 00:00 0 
7fa863d00000-7fa863dfe000 rw-p 00000000 00:00 0 
7fa863dfe000-7fa863e01000 ---p 00000000 00:00 0 
7fa863e01000-7fa863eff000 rw-p 00000000 00:00 0 
7fa863eff000-7fa863f02000 ---p 00000000 00:00 0 
7fa863f02000-7fa864000000 rw-p 00000000 00:00 0 
7fa864000000-7fa864021000 rw-p 00000000 00:00 0 
7fa864021000-7fa868000000 ---p 00000000 00:00 0 
7fa8680fc000-7fa8680ff000 ---p 00000000 00:00 0 
7fa8680ff000-7fa8681fd000 rw-p 00000000 00:00 0 
7fa8681fd000-7fa868200000 ---p 00000000 00:00 0 
7fa868200000-7fa8682fe000 rw-p 00000000 00:00 0 
7fa8682fe000-7fa868301000 ---p 00000000 00:00 0 
7fa868301000-7fa8685ff000 rw-p 00000000 00:00 0 
7fa8685ff000-7fa8687ff000 rw-p 00000000 00:00 0 
7fa8687ff000-7fa8689ff000 rw-p 00000000 00:00 0 
7fa8689ff000-7fa868bff000 rw-p 00000000 00:00 0 
7fa868bff000-7fa868dff000 rw-p 00000000 00:00 0 
7fa868dff000-7fa868fff000 rw-p 00000000 00:00 0 
7fa868fff000-7fa86c000000 rw-p 00000000 00:00 0 
7fa86c000000-7fa86c021000 rw-p 00000000 00:00 0 
7fa86c021000-7fa870000000 ---p 00000000 00:00 0 
7fa87005b000-7fa87005e000 ---p 00000000 00:00 0 
7fa87005e000-7fa87035c000 rw-p 00000000 00:00 0 
7fa8703ca000-7fa8705ca000 rw-p 00000000 00:00 0 
7fa8705ca000-7fa8707ca000 rw-p 00000000 00:00 0 
7fa8707ca000-7fa8709ca000 rw-p 00000000 00:00 0 
7fa8709ca000-7fa870bca000 rw-p 00000000 00:00 0 
7fa870bca000-7fa870dca000 rw-p 00000000 00:00 0 
7fa870e52000-7fa870ecb000 r--s 01104000 08:07 266196                     /usr/lib/jvm/java-8-openjdk-amd64/lib/tools.jar
7fa870ecb000-7fa870ed0000 r--s 000a3000 08:07 4987979                    /usr/lib/jvm/java-8-openjdk-amd64/jre/lib/jsse.jar
7fa870ed5000-7fa870ed8000 r--s 00043000 08:07 3802369                    /home/bhargavi/.ivy2/cache/io.spray/spray-json_2.12/bundles/spray-json_2.12-1.3.4.jar
7fa870ed8000-7fa870eda000 r--s 0001b000 08:07 3802371                    /home/bhargavi/.ivy2/cache/io.github.sugakandrey/scala-compiler-indices-protocol_2.12/jars/scala-compiler-indices-protocol_2.12-0.1.1.jar
7fa870eda000-7fa870edc000 r--s 0000a000 08:07 3802374                    /home/bhargavi/.ivy2/cache/scala_2.12/sbt_1.0/org.jetbrains/sbt-idea-compiler-indices/jars/sbt-idea-compiler-indices-0.1.3.jar
7fa870edc000-7fa870edd000 r--s 00002000 08:07 3802376                    /home/bhargavi/.ivy2/cache/scala_2.12/sbt_1.0/org.jetbrains/sbt-idea-shell/jars/sbt-idea-shell-2018.3.jar
7fa870edd000-7fa870ee1000 r--s 00056000 08:07 3802373                    /home/bhargavi/.ivy2/cache/scala_2.12/sbt_1.0/org.jetbrains/sbt-structure-extractor/jars/sbt-structure-extractor-2018.2.1+4-88400d3f.jar
7fa870ee1000-7fa870ee6000 r--s 002f9000 08:07 4984361                    /usr/lib/jvm/java-8-openjdk-amd64/jre/lib/charsets.jar
7fa870ee6000-7fa870ee8000 r--s 00016000 08:07 4987977                    /usr/lib/jvm/java-8-openjdk-amd64/jre/lib/jce.jar
7fa870ee8000-7fa870efb000 r--s 00346000 08:07 4987984                    /usr/lib/jvm/java-8-openjdk-amd64/jre/lib/resources.jar
7fa870efb000-7fa8710fb000 rw-p 00000000 00:00 0 
7fa8710fb000-7fa8710fe000 ---p 00000000 00:00 0 
7fa8710fe000-7fa871334000 rw-p 00000000 00:00 0 
7fa871334000-7fa871534000 rw-p 00000000 00:00 0 
7fa871534000-7fa871734000 rw-p 00000000 00:00 0 
7fa871734000-7fa871934000 rw-p 00000000 00:00 0 
7fa871934000-7fa871937000 ---p 00000000 00:00 0 
7fa871937000-7fa871c35000 rw-p 00000000 00:00 0 
7fa871c35000-7fa871e35000 rw-p 00000000 00:00 0 
7fa871e35000-7fa871e3e000 r-xp 00000000 08:07 4984347                    /usr/lib/jvm/java-8-openjdk-amd64/jre/lib/amd64/libmanagement.so
7fa871e3e000-7fa87203d000 ---p 00009000 08:07 4984347                    /usr/lib/jvm/java-8-openjdk-amd64/jre/lib/amd64/libmanagement.so
7fa87203d000-7fa87203e000 r--p 00008000 08:07 4984347                    /usr/lib/jvm/java-8-openjdk-amd64/jre/lib/amd64/libmanagement.so
7fa87203e000-7fa87203f000 rw-p 00009000 08:07 4984347                    /usr/lib/jvm/java-8-openjdk-amd64/jre/lib/amd64/libmanagement.so
7fa87203f000-7fa872042000 r--s 0002a000 08:07 3031523                    /home/bhargavi/.sbt/boot/scala-2.12.7/org.scala-sbt/sbt/1.2.8/sbinary_2.12-0.5.0.jar
7fa872042000-7fa872057000 r--s 00103000 08:07 3031511                    /home/bhargavi/.sbt/boot/scala-2.12.7/org.scala-sbt/sbt/1.2.8/ivy-2.3.0-sbt-cb9cc189e9f3af519f9f102e6c5d446488ff6832.jar
7fa872057000-7fa872059000 r--s 0000b000 08:07 3031482                    /home/bhargavi/.sbt/boot/scala-2.12.7/org.scala-sbt/sbt/1.2.8/logic_2.12-1.2.8.jar
7fa872059000-7fa872066000 r--s 001a6000 08:07 3031527                    /home/bhargavi/.sbt/boot/scala-2.12.7/org.scala-sbt/sbt/1.2.8/scalapb-runtime_2.12-0.6.0.jar
7fa872066000-7fa872067000 r--s 0000c000 08:07 3031473                    /home/bhargavi/.sbt/boot/scala-2.12.7/org.scala-sbt/sbt/1.2.8/zinc-classfile_2.12-1.2.5.jar
7fa872067000-7fa872068000 r--s 00007000 08:07 3031529                    /home/bhargavi/.sbt/boot/scala-2.12.7/org.scala-sbt/sbt/1.2.8/okhttp-urlconnection-3.7.0.jar
7fa872068000-7fa872268000 rw-p 00000000 00:00 0 
7fa872268000-7fa87226c000 r--s 0004c000 08:07 3031480                    /home/bhargavi/.sbt/boot/scala-2.12.7/org.scala-sbt/sbt/1.2.8/collections_2.12-1.2.8.jar
7fa87226c000-7fa87226e000 r--s 00007000 08:07 3031533                    /home/bhargavi/.sbt/boot/scala-2.12.7/org.scala-sbt/sbt/1.2.8/lenses_2.12-0.4.12.jar
7fa87226e000-7fa87226f000 r--s 00009000 08:07 3031470                    /home/bhargavi/.sbt/boot/scala-2.12.7/org.scala-sbt/sbt/1.2.8/gigahorse-okhttp_2.12-0.3.0.jar
7fa87226f000-7fa872274000 r--s 00040000 08:07 3031510                    /home/bhargavi/.sbt/boot/scala-2.12.7/org.scala-sbt/sbt/1.2.8/jsch-0.1.54.jar
7fa872274000-7fa872276000 r--s 0000e000 08:07 3031547                    /home/bhargavi/.sbt/boot/scala-2.12.7/org.scala-sbt/sbt/1.2.8/fastparse-utils_2.12-0.4.2.jar
7fa872276000-7fa872277000 r--s 00003000 08:07 3031472                    /home/bhargavi/.sbt/boot/scala-2.12.7/org.scala-sbt/sbt/1.2.8/util-relation_2.12-1.2.4.jar
7fa872277000-7fa872291000 r--s 0021e000 08:07 3031477                    /home/bhargavi/.sbt/boot/scala-2.12.7/org.scala-sbt/sbt/1.2.8/jna-platform-4.5.0.jar
7fa872291000-7fa872294000 r--s 0002e000 08:07 3031503                    /home/bhargavi/.sbt/boot/scala-2.12.7/org.scala-sbt/sbt/1.2.8/testing_2.12-1.2.8.jar
7fa872294000-7fa8722a1000 r--s 001b1000 08:07 3031519                    /home/bhargavi/.sbt/boot/scala-2.12.7/org.scala-sbt/sbt/1.2.8/zinc-persist_2.12-1.2.5.jar
7fa8722a1000-7fa8722a2000 r--s 00011000 08:07 3031476                    /home/bhargavi/.sbt/boot/scala-2.12.7/org.scala-sbt/sbt/1.2.8/run_2.12-1.2.8.jar
7fa8722a2000-7fa8722a3000 r--s 00000000 08:07 3031535                    /home/bhargavi/.sbt/boot/scala-2.12.7/org.scala-sbt/sbt/1.2.8/scripted-plugin_2.12-1.2.8.jar
7fa8722a3000-7fa8722a6000 r--s 0003d000 08:07 3031488                    /home/bhargavi/.sbt/boot/scala-2.12.7/org.scala-sbt/sbt/1.2.8/completion_2.12-1.2.8.jar
7fa8722a6000-7fa8722a7000 r--s 0000f000 08:07 3031501                    /home/bhargavi/.sbt/boot/scala-2.12.7/org.scala-sbt/sbt/1.2.8/sbt-1.2.8.jar
7fa8722a7000-7fa8722a9000 r--s 00011000 08:07 3031496                    /home/bhargavi/.sbt/boot/scala-2.12.7/org.scala-sbt/sbt/1.2.8/jawn-parser_2.12-0.10.4.jar
7fa8722a9000-7fa8722aa000 r--s 00005000 08:07 3031502                    /home/bhargavi/.sbt/boot/scala-2.12.7/org.scala-sbt/sbt/1.2.8/log4j-slf4j-impl-2.11.1.jar
7fa8722aa000-7fa8722ac000 r--s 00019000 08:07 3031498                    /home/bhargavi/.sbt/boot/scala-2.12.7/org.scala-sbt/sbt/1.2.8/task-system_2.12-1.2.8.jar
7fa8722ac000-7fa8722ae000 r--s 00024000 08:07 3031505                    /home/bhargavi/.sbt/boot/scala-2.12.7/org.scala-sbt/sbt/1.2.8/zinc-apiinfo_2.12-1.2.5.jar
7fa8722ae000-7fa8722b0000 r--s 0000f000 08:07 3031483                    /home/bhargavi/.sbt/boot/scala-2.12.7/org.scala-sbt/sbt/1.2.8/util-scripted_2.12-1.2.4.jar
7fa8722b0000-7fa8722b1000 r--s 00001000 08:07 3031486                    /home/bhargavi/.sbt/boot/scala-2.12.7/org.scala-sbt/sbt/1.2.8/scalacache-caffeine_2.12-0.20.0.jar
7fa8722b1000-7fa8722b3000 r--s 00011000 08:07 3031509                    /home/bhargavi/.sbt/boot/scala-2.12.7/org.scala-sbt/sbt/1.2.8/zinc-classpath_2.12-1.2.5.jar
7fa8722b3000-7fa8722b7000 r--s 00013000 08:07 3031489                    /home/bhargavi/.sbt/boot/scala-2.12.7/org.scala-sbt/sbt/1.2.8/compiler-interface-1.2.5.jar
7fa8722b7000-7fa8722bb000 r--s 00047000 08:07 3031544                    /home/bhargavi/.sbt/boot/scala-2.12.7/org.scala-sbt/sbt/1.2.8/fastparse_2.12-0.4.2.jar
7fa8722bb000-7fa8722bf000 r--s 00049000 08:07 3031487                    /home/bhargavi/.sbt/boot/scala-2.12.7/org.scala-sbt/sbt/1.2.8/io_2.12-1.2.2.jar
7fa8722bf000-7fa8724bf000 rw-p 00000000 00:00 0 
7fa8724bf000-7fa8726bf000 rw-p 00000000 00:00 0 
7fa8726bf000-7fa8726d0000 r-xp 00000000 08:07 4984350                    /usr/lib/jvm/java-8-openjdk-amd64/jre/lib/amd64/libnio.so
7fa8726d0000-7fa8728cf000 ---p 00011000 08:07 4984350                    /usr/lib/jvm/java-8-openjdk-amd64/jre/lib/amd64/libnio.so
7fa8728cf000-7fa8728d0000 r--p 00010000 08:07 4984350                    /usr/lib/jvm/java-8-openjdk-amd64/jre/lib/amd64/libnio.so
7fa8728d0000-7fa8728d1000 rw-p 00011000 08:07 4984350                    /usr/lib/jvm/java-8-openjdk-amd64/jre/lib/amd64/libnio.so
7fa8728d1000-7fa8728e7000 r-xp 00000000 08:07 4984349                    /usr/lib/jvm/java-8-openjdk-amd64/jre/lib/amd64/libnet.so
7fa8728e7000-7fa872ae6000 ---p 00016000 08:07 4984349                    /usr/lib/jvm/java-8-openjdk-amd64/jre/lib/amd64/libnet.so
7fa872ae6000-7fa872ae7000 r--p 00015000 08:07 4984349                    /usr/lib/jvm/java-8-openjdk-amd64/jre/lib/amd64/libnet.so
7fa872ae7000-7fa872ae8000 rw-p 00016000 08:07 4984349                    /usr/lib/jvm/java-8-openjdk-amd64/jre/lib/amd64/libnet.so
7fa872ae8000-7fa872ae9000 ---p 00000000 00:00 0 
7fa872ae9000-7fa872be9000 rw-p 00000000 00:00 0 
7fa872be9000-7fa872bec000 ---p 00000000 00:00 0 
7fa872bec000-7fa872cea000 rw-p 00000000 00:00 0 
7fa872cea000-7fa872ceb000 ---p 00000000 00:00 0 
7fa872ceb000-7fa872cee000 ---p 00000000 00:00 0 
7fa872cee000-7fa872deb000 rw-p 00000000 00:00 0 
7fa872deb000-7fa872dec000 ---p 00000000 00:00 0 
7fa872dec000-7fa872def000 ---p 00000000 00:00 0 
7fa872def000-7fa872eec000 rw-p 00000000 00:00 0 
7fa872eec000-7fa872eed000 ---p 00000000 00:00 0 
7fa872eed000-7fa872ef0000 ---p 00000000 00:00 0 
7fa872ef0000-7fa872fed000 rw-p 00000000 00:00 0 
7fa872fed000-7fa872fee000 ---p 00000000 00:00 0 
7fa872fee000-7fa872ff1000 ---p 00000000 00:00 0 
7fa872ff1000-7fa8730ee000 rw-p 00000000 00:00 0 
7fa8730ee000-7fa8730f1000 ---p 00000000 00:00 0 
7fa8730f1000-7fa8731ef000 rw-p 00000000 00:00 0 
7fa8731ef000-7fa8731f2000 ---p 00000000 00:00 0 
7fa8731f2000-7fa8732f0000 rw-p 00000000 00:00 0 
7fa8732f0000-7fa8732f4000 r-xp 00000000 08:07 4984327                    /usr/lib/jvm/java-8-openjdk-amd64/jre/lib/amd64/libdt_socket.so
7fa8732f4000-7fa8734f3000 ---p 00004000 08:07 4984327                    /usr/lib/jvm/java-8-openjdk-amd64/jre/lib/amd64/libdt_socket.so
7fa8734f3000-7fa8734f4000 r--p 00003000 08:07 4984327                    /usr/lib/jvm/java-8-openjdk-amd64/jre/lib/amd64/libdt_socket.so
7fa8734f4000-7fa8734f5000 rw-p 00004000 08:07 4984327                    /usr/lib/jvm/java-8-openjdk-amd64/jre/lib/amd64/libdt_socket.so
7fa8734f5000-7fa8734f8000 ---p 00000000 00:00 0 
7fa8734f8000-7fa8735f6000 rw-p 00000000 00:00 0 
7fa8735f6000-7fa8735f9000 ---p 00000000 00:00 0 
7fa8735f9000-7fa8736f7000 rw-p 00000000 00:00 0 
7fa8736f7000-7fa8736fa000 ---p 00000000 00:00 0 
7fa8736fa000-7fa8737f8000 rw-p 00000000 00:00 0 
7fa8737f8000-7fa8737f9000 ---p 00000000 00:00 0 
7fa8737f9000-7fa874000000 rw-p 00000000 00:00 0 
7fa874000000-7fa874021000 rw-p 00000000 00:00 0 
7fa874021000-7fa878000000 ---p 00000000 00:00 0 
7fa878000000-7fa878001000 r--s 00000000 08:07 3031532                    /home/bhargavi/.sbt/boot/scala-2.12.7/org.scala-sbt/sbt/1.2.8/util-interface-1.2.4.jar
7fa878001000-7fa878002000 r--s 00006000 08:07 3031508                    /home/bhargavi/.sbt/boot/scala-2.12.7/org.scala-sbt/sbt/1.2.8/util-position_2.12-1.2.4.jar
7fa878002000-7fa878004000 r--s 0002f000 08:07 3031497                    /home/bhargavi/.sbt/boot/scala-2.12.7/org.scala-sbt/sbt/1.2.8/util-cache_2.12-1.2.4.jar
7fa878004000-7fa878006000 r--s 00019000 08:07 3031479                    /home/bhargavi/.sbt/boot/scala-2.12.7/org.scala-sbt/sbt/1.2.8/sourcecode_2.12-0.1.3.jar
7fa878006000-7fa87800b000 r--s 00063000 08:07 3031541                    /home/bhargavi/.sbt/boot/scala-2.12.7/org.scala-sbt/sbt/1.2.8/protocol_2.12-1.2.8.jar
7fa87800b000-7fa87802c000 r--s 00168000 08:07 3031481                    /home/bhargavi/.sbt/boot/scala-2.12.7/org.scala-sbt/sbt/1.2.8/log4j-core-2.11.1.jar
7fa87802c000-7fa87802e000 r--s 00007000 08:07 3031521                    /home/bhargavi/.sbt/boot/scala-2.12.7/org.scala-sbt/sbt/1.2.8/util-tracking_2.12-1.2.4.jar
7fa87802e000-7fa878044000 r--s 000e0000 08:07 3031495                    /home/bhargavi/.sbt/boot/scala-2.12.7/org.scala-sbt/sbt/1.2.8/caffeine-2.5.6.jar
7fa878044000-7fa878046000 r--s 0000f000 08:07 3031540                    /home/bhargavi/.sbt/boot/scala-2.12.7/org.scala-sbt/sbt/1.2.8/shaded-scalajson_2.12-1.0.0-M4.jar
7fa878046000-7fa87804c000 r--s 000bb000 08:07 3031545                    /home/bhargavi/.sbt/boot/scala-2.12.7/org.scala-sbt/sbt/1.2.8/sjson-new-core_2.12-0.8.2.jar
7fa87804c000-7fa87805b000 r--s 0013d000 08:07 3031469                    /home/bhargavi/.sbt/boot/scala-2.12.7/org.scala-sbt/sbt/1.2.8/protobuf-java-3.3.1.jar
7fa87805b000-7fa87805e000 r--s 00044000 08:07 3031504                    /home/bhargavi/.sbt/boot/scala-2.12.7/org.scala-sbt/sbt/1.2.8/command_2.12-1.2.8.jar
7fa87805e000-7fa878060000 r--s 00012000 08:07 3031546                    /home/bhargavi/.sbt/boot/scala-2.12.7/org.scala-sbt/sbt/1.2.8/okio-1.12.0.jar
7fa878060000-7fa878066000 r--s 0003b000 08:07 3031531                    /home/bhargavi/.sbt/boot/scala-2.12.7/org.scala-sbt/sbt/1.2.8/log4j-api-2.11.1.jar
7fa878066000-7fa87806a000 r--s 00038000 08:07 3031474                    /home/bhargavi/.sbt/boot/scala-2.12.7/org.scala-sbt/sbt/1.2.8/ssl-config-core_2.12-0.2.2.jar
7fa87806a000-7fa87806b000 r--s 00001000 08:07 3031506                    /home/bhargavi/.sbt/boot/scala-2.12.7/org.scala-sbt/sbt/1.2.8/sjson-new-murmurhash_2.12-0.8.2.jar
7fa87806b000-7fa87806e000 r--s 00034000 08:07 3031517                    /home/bhargavi/.sbt/boot/scala-2.12.7/org.scala-sbt/sbt/1.2.8/zinc-compile-core_2.12-1.2.5.jar
7fa87806e000-7fa878070000 r--s 00031000 08:07 3031539                    /home/bhargavi/.sbt/boot/scala-2.12.7/org.scala-sbt/sbt/1.2.8/actions_2.12-1.2.8.jar
7fa878070000-7fa878071000 r--s 00005000 08:07 3031524                    /home/bhargavi/.sbt/boot/scala-2.12.7/org.scala-sbt/sbt/1.2.8/test-agent-1.2.8.jar
7fa878071000-7fa878076000 r--s 00095000 08:07 3031484                    /home/bhargavi/.sbt/boot/scala-2.12.7/org.scala-sbt/sbt/1.2.8/librarymanagement-ivy_2.12-1.2.4.jar
7fa878076000-7fa87807a000 r--s 00030000 08:07 3031513                    /home/bhargavi/.sbt/boot/scala-2.12.7/org.scala-sbt/sbt/1.2.8/scala-parser-combinators_2.12-1.0.5.jar
7fa87807a000-7fa87807b000 r--s 00000000 08:07 3031507                    /home/bhargavi/.sbt/boot/scala-2.12.7/org.scala-sbt/sbt/1.2.8/template-resolver-0.1.jar
7fa87807b000-7fa87807c000 r--s 00002000 08:07 3031475                    /home/bhargavi/.sbt/boot/scala-2.12.7/org.scala-sbt/sbt/1.2.8/launcher-interface-1.0.4.jar
7fa87807c000-7fa87807f000 r--s 0003a000 08:07 3031478                    /home/bhargavi/.sbt/boot/scala-2.12.7/org.scala-sbt/sbt/1.2.8/util-logging_2.12-1.2.4.jar
7fa87807f000-7fa878081000 r--s 00002000 08:07 3031536                    /home/bhargavi/.sbt/boot/scala-2.12.7/org.scala-sbt/sbt/1.2.8/test-interface-1.0.jar
7fa878081000-7fa878082000 r--s 00000000 08:07 3031516                    /home/bhargavi/.sbt/boot/scala-2.12.7/org.scala-sbt/sbt/1.2.8/reactive-streams-1.0.0.jar
7fa878082000-7fa878084000 r--s 00004000 08:07 3031530                    /home/bhargavi/.sbt/boot/scala-2.12.7/org.scala-sbt/sbt/1.2.8/ipcsocket-1.0.0.jar
7fa878084000-7fa878089000 r--s 00031000 08:07 3031538                    /home/bhargavi/.sbt/boot/scala-2.12.7/org.scala-sbt/sbt/1.2.8/config-1.2.0.jar
7fa878089000-7fa87808b000 r--s 00008000 08:07 3031494                    /home/bhargavi/.sbt/boot/scala-2.12.7/org.scala-sbt/sbt/1.2.8/sjson-new-scalajson_2.12-0.8.2.jar
7fa87808b000-7fa878091000 r--s 0005b000 08:07 3031515                    /home/bhargavi/.sbt/boot/scala-2.12.7/org.scala-sbt/sbt/1.2.8/okhttp-3.7.0.jar
7fa878091000-7fa87809c000 r--s 001c3000 08:07 3031492                    /home/bhargavi/.sbt/boot/scala-2.12.7/org.scala-sbt/sbt/1.2.8/main_2.12-1.2.8.jar
7fa87809c000-7fa8780a0000 r--s 0015c000 08:07 3031526                    /home/bhargavi/.sbt/boot/scala-2.12.7/org.scala-sbt/sbt/1.2.8/jna-4.5.0.jar
7fa8780a0000-7fa8780a2000 r--s 00010000 08:07 3031493                    /home/bhargavi/.sbt/boot/scala-2.12.7/org.scala-sbt/sbt/1.2.8/scripted-sbt-redux_2.12-1.2.8.jar
7fa8780a2000-7fa8780a4000 r--s 0000e000 08:07 3031499                    /home/bhargavi/.sbt/boot/scala-2.12.7/org.scala-sbt/sbt/1.2.8/zinc_2.12-1.2.5.jar
7fa8780a4000-7fa8780a6000 r--s 00012000 08:07 3031514                    /home/bhargavi/.sbt/boot/scala-2.12.7/org.scala-sbt/sbt/1.2.8/core-macros_2.12-1.2.8.jar
7fa8780a6000-7fa8780b0000 r--s 000b6000 08:07 3031543                    /home/bhargavi/.sbt/boot/scala-2.12.7/org.scala-sbt/sbt/1.2.8/librarymanagement-core_2.12-1.2.4.jar
7fa8780b0000-7fa8780b2000 r--s 00012000 08:07 3031512                    /home/bhargavi/.sbt/boot/scala-2.12.7/org.scala-sbt/sbt/1.2.8/tasks_2.12-1.2.8.jar
7fa8780b2000-7fa8780b9000 r--s 00091000 08:07 3031491                    /home/bhargavi/.sbt/boot/scala-2.12.7/org.scala-sbt/sbt/1.2.8/main-settings_2.12-1.2.8.jar
7fa8780b9000-7fa8780bd000 r--s 00052000 08:07 3031522                    /home/bhargavi/.sbt/boot/scala-2.12.7/org.scala-sbt/sbt/1.2.8/zinc-core_2.12-1.2.5.jar
7fa8780bd000-7fa8780c3000 r--s 00080000 08:07 3031471                    /home/bhargavi/.sbt/boot/scala-2.12.7/org.scala-sbt/sbt/1.2.8/scala-xml_2.12-1.0.6.jar
7fa8780c3000-7fa8780e6000 r--s 00350000 08:07 3031485                    /home/bhargavi/.sbt/boot/scala-2.12.7/org.scala-sbt/sbt/1.2.8/scala-reflect-2.12.7.jar
7fa8780e6000-7fa8780ea000 r--s 0003e000 08:07 3031525                    /home/bhargavi/.sbt/boot/scala-2.12.7/org.scala-sbt/sbt/1.2.8/jline-2.14.6.jar
7fa8780ea000-7fa8780ed000 r--s 00012000 08:07 3031534                    /home/bhargavi/.sbt/boot/scala-2.12.7/org.scala-sbt/sbt/1.2.8/disruptor-3.4.2.jar
7fa8780ed000-7fa8780ef000 r--s 00002000 08:07 3031490                    /home/bhargavi/.sbt/boot/scala-2.12.7/org.scala-sbt/sbt/1.2.8/util-control_2.12-1.2.4.jar
7fa8780ef000-7fa8780f0000 r--s 00003000 08:07 3031528                    /home/bhargavi/.sbt/boot/scala-2.12.7/org.scala-sbt/sbt/1.2.8/zinc-compile_2.12-1.2.5.jar
7fa8780f0000-7fa8780f1000 r--s 0000b000 08:07 3031518                    /home/bhargavi/.sbt/boot/scala-2.12.7/org.scala-sbt/sbt/1.2.8/zinc-ivy-integration_2.12-1.2.5.jar
7fa8780f1000-7fa87c000000 rw-p 00000000 00:00 0 
7fa87c000000-7fa87c021000 rw-p 00000000 00:00 0 
7fa87c021000-7fa880000000 ---p 00000000 00:00 0 
7fa880000000-7fa880003000 r--s 00031000 08:07 3031468                    /home/bhargavi/.sbt/boot/scala-2.12.7/org.scala-sbt/sbt/1.2.8/compiler-bridge_2.12-1.2.5.jar
7fa880003000-7fa880005000 r--s 00009000 08:07 3031542                    /home/bhargavi/.sbt/boot/scala-2.12.7/org.scala-sbt/sbt/1.2.8/slf4j-api-1.7.25.jar
7fa880005000-7fa880006000 r--s 00005000 08:07 3031500                    /home/bhargavi/.sbt/boot/scala-2.12.7/org.scala-sbt/sbt/1.2.8/apple-file-events-1.3.2.jar
7fa880006000-7fa880009000 r--s 00026000 08:07 3031537                    /home/bhargavi/.sbt/boot/scala-2.12.7/org.scala-sbt/sbt/1.2.8/gigahorse-core_2.12-0.3.0.jar
7fa880009000-7fa88000c000 r--s 0001c000 08:07 3031520                    /home/bhargavi/.sbt/boot/scala-2.12.7/org.scala-sbt/sbt/1.2.8/scalacache-core_2.12-0.20.0.jar
7fa88000c000-7fa88005b000 r--s 009b0000 08:07 3147364                    /home/bhargavi/.sbt/boot/scala-2.12.7/lib/scala-compiler.jar
7fa88005b000-7fa88007e000 r--s 00350000 08:07 3147363                    /home/bhargavi/.sbt/boot/scala-2.12.7/lib/scala-reflect.jar
7fa88007e000-7fa8800b5000 r--s 004d2000 08:07 3147365                    /home/bhargavi/.sbt/boot/scala-2.12.7/lib/scala-library.jar
7fa8800b5000-7fa8805ba000 rw-p 00000000 00:00 0 
7fa8805ba000-7fa88078a000 r--s 03c5c000 08:07 4987985                    /usr/lib/jvm/java-8-openjdk-amd64/jre/lib/rt.jar
7fa88078a000-7fa881000000 rw-p 00000000 00:00 0 
7fa881000000-7fa882ae0000 rwxp 00000000 00:00 0 
7fa882ae0000-7fa890000000 ---p 00000000 00:00 0 
7fa890000000-7fa894000000 rw-p 00000000 00:00 0 
7fa894000000-7fa894006000 r--s 00080000 08:07 3147362                    /home/bhargavi/.sbt/boot/scala-2.12.7/lib/scala-xml_2.12.jar
7fa894006000-7fa89400a000 r--s 0003e000 08:07 3147366                    /home/bhargavi/.sbt/boot/scala-2.12.7/lib/jline.jar
7fa89400a000-7fa894027000 r--s 0011a000 08:07 3807895                    /home/bhargavi/.local/share/JetBrains/Toolbox/apps/IDEA-C/ch-0/192.6817.14.plugins/Scala/launcher/sbt-launch.jar
7fa894027000-7fa894031000 r--s 00116000 08:07 4984376                    /usr/lib/jvm/java-8-openjdk-amd64/jre/lib/ext/localedata.jar
7fa894031000-7fa894034000 r--s 0000f000 08:07 4984374                    /usr/lib/jvm/java-8-openjdk-amd64/jre/lib/ext/icedtea-sound.jar
7fa894034000-7fa89404f000 r--s 001d6000 08:07 4984377                    /usr/lib/jvm/java-8-openjdk-amd64/jre/lib/ext/nashorn.jar
7fa89404f000-7fa89434f000 rw-p 00000000 00:00 0 
7fa89434f000-7fa894350000 ---p 00000000 00:00 0 
7fa894350000-7fa894450000 rw-p 00000000 00:00 0 
7fa894450000-7fa894451000 ---p 00000000 00:00 0 
7fa894451000-7fa894551000 rw-p 00000000 00:00 0 
7fa894551000-7fa894552000 ---p 00000000 00:00 0 
7fa894552000-7fa894652000 rw-p 00000000 00:00 0 
7fa894652000-7fa894653000 ---p 00000000 00:00 0 
7fa894653000-7fa894753000 rw-p 00000000 00:00 0 
7fa894753000-7fa894754000 ---p 00000000 00:00 0 
7fa894754000-7fa894854000 rw-p 00000000 00:00 0 
7fa894854000-7fa894855000 ---p 00000000 00:00 0 
7fa894855000-7fa894955000 rw-p 00000000 00:00 0 
7fa894955000-7fa894956000 ---p 00000000 00:00 0 
7fa894956000-7fa894a56000 rw-p 00000000 00:00 0 
7fa894a56000-7fa894a57000 ---p 00000000 00:00 0 
7fa894a57000-7fa894b9d000 rw-p 00000000 00:00 0 
7fa894b9d000-7fa894d57000 ---p 00000000 00:00 0 
7fa894d57000-7fa894d9d000 rw-p 00000000 00:00 0 
7fa894d9d000-7fa894f57000 ---p 00000000 00:00 0 
7fa894f57000-7fa894fe6000 rw-p 00000000 00:00 0 
7fa894fe6000-7fa895057000 ---p 00000000 00:00 0 
7fa895057000-7fa8950c4000 rw-p 00000000 00:00 0 
7fa8950c4000-7fa895418000 ---p 00000000 00:00 0 
7fa895418000-7fa895420000 r-xp 00000000 08:07 4984357                    /usr/lib/jvm/java-8-openjdk-amd64/jre/lib/amd64/libzip.so
7fa895420000-7fa89561f000 ---p 00008000 08:07 4984357                    /usr/lib/jvm/java-8-openjdk-amd64/jre/lib/amd64/libzip.so
7fa89561f000-7fa895620000 r--p 00007000 08:07 4984357                    /usr/lib/jvm/java-8-openjdk-amd64/jre/lib/amd64/libzip.so
7fa895620000-7fa895621000 rw-p 00008000 08:07 4984357                    /usr/lib/jvm/java-8-openjdk-amd64/jre/lib/amd64/libzip.so
7fa895621000-7fa89562c000 r-xp 00000000 08:07 267101                     /lib/x86_64-linux-gnu/libnss_files-2.27.so
7fa89562c000-7fa89582b000 ---p 0000b000 08:07 267101                     /lib/x86_64-linux-gnu/libnss_files-2.27.so
7fa89582b000-7fa89582c000 r--p 0000a000 08:07 267101                     /lib/x86_64-linux-gnu/libnss_files-2.27.so
7fa89582c000-7fa89582d000 rw-p 0000b000 08:07 267101                     /lib/x86_64-linux-gnu/libnss_files-2.27.so
7fa89582d000-7fa895833000 rw-p 00000000 00:00 0 
7fa895833000-7fa89584a000 r-xp 00000000 08:07 267095                     /lib/x86_64-linux-gnu/libnsl-2.27.so
7fa89584a000-7fa895a49000 ---p 00017000 08:07 267095                     /lib/x86_64-linux-gnu/libnsl-2.27.so
7fa895a49000-7fa895a4a000 r--p 00016000 08:07 267095                     /lib/x86_64-linux-gnu/libnsl-2.27.so
7fa895a4a000-7fa895a4b000 rw-p 00017000 08:07 267095                     /lib/x86_64-linux-gnu/libnsl-2.27.so
7fa895a4b000-7fa895a4d000 rw-p 00000000 00:00 0 
7fa895a4d000-7fa895a58000 r-xp 00000000 08:07 267112                     /lib/x86_64-linux-gnu/libnss_nis-2.27.so
7fa895a58000-7fa895c57000 ---p 0000b000 08:07 267112                     /lib/x86_64-linux-gnu/libnss_nis-2.27.so
7fa895c57000-7fa895c58000 r--p 0000a000 08:07 267112                     /lib/x86_64-linux-gnu/libnss_nis-2.27.so
7fa895c58000-7fa895c59000 rw-p 0000b000 08:07 267112                     /lib/x86_64-linux-gnu/libnss_nis-2.27.so
7fa895c59000-7fa895c61000 r-xp 00000000 08:07 267097                     /lib/x86_64-linux-gnu/libnss_compat-2.27.so
7fa895c61000-7fa895e61000 ---p 00008000 08:07 267097                     /lib/x86_64-linux-gnu/libnss_compat-2.27.so
7fa895e61000-7fa895e62000 r--p 00008000 08:07 267097                     /lib/x86_64-linux-gnu/libnss_compat-2.27.so
7fa895e62000-7fa895e63000 rw-p 00009000 08:07 267097                     /lib/x86_64-linux-gnu/libnss_compat-2.27.so
7fa895e63000-7fa896832000 r--p 00000000 08:07 4987589                    /usr/lib/locale/locale-archive
7fa896832000-7fa896834000 r-xp 00000000 08:07 4984351                    /usr/lib/jvm/java-8-openjdk-amd64/jre/lib/amd64/libnpt.so
7fa896834000-7fa896a34000 ---p 00002000 08:07 4984351                    /usr/lib/jvm/java-8-openjdk-amd64/jre/lib/amd64/libnpt.so
7fa896a34000-7fa896a35000 r--p 00002000 08:07 4984351                    /usr/lib/jvm/java-8-openjdk-amd64/jre/lib/amd64/libnpt.so
7fa896a35000-7fa896a36000 rw-p 00003000 08:07 4984351                    /usr/lib/jvm/java-8-openjdk-amd64/jre/lib/amd64/libnpt.so
7fa896a36000-7fa896a70000 r-xp 00000000 08:07 4984343                    /usr/lib/jvm/java-8-openjdk-amd64/jre/lib/amd64/libjdwp.so
7fa896a70000-7fa896c6f000 ---p 0003a000 08:07 4984343                    /usr/lib/jvm/java-8-openjdk-amd64/jre/lib/amd64/libjdwp.so
7fa896c6f000-7fa896c70000 r--p 00039000 08:07 4984343                    /usr/lib/jvm/java-8-openjdk-amd64/jre/lib/amd64/libjdwp.so
7fa896c70000-7fa896c71000 rw-p 0003a000 08:07 4984343                    /usr/lib/jvm/java-8-openjdk-amd64/jre/lib/amd64/libjdwp.so
7fa896c71000-7fa896c9b000 r-xp 00000000 08:07 4984337                    /usr/lib/jvm/java-8-openjdk-amd64/jre/lib/amd64/libjava.so
7fa896c9b000-7fa896e9a000 ---p 0002a000 08:07 4984337                    /usr/lib/jvm/java-8-openjdk-amd64/jre/lib/amd64/libjava.so
7fa896e9a000-7fa896e9b000 r--p 00029000 08:07 4984337                    /usr/lib/jvm/java-8-openjdk-amd64/jre/lib/amd64/libjava.so
7fa896e9b000-7fa896e9d000 rw-p 0002a000 08:07 4984337                    /usr/lib/jvm/java-8-openjdk-amd64/jre/lib/amd64/libjava.so
7fa896e9d000-7fa896ead000 r-xp 00000000 08:07 4984356                    /usr/lib/jvm/java-8-openjdk-amd64/jre/lib/amd64/libverify.so
7fa896ead000-7fa8970ac000 ---p 00010000 08:07 4984356                    /usr/lib/jvm/java-8-openjdk-amd64/jre/lib/amd64/libverify.so
7fa8970ac000-7fa8970ae000 r--p 0000f000 08:07 4984356                    /usr/lib/jvm/java-8-openjdk-amd64/jre/lib/amd64/libverify.so
7fa8970ae000-7fa8970af000 rw-p 00011000 08:07 4984356                    /usr/lib/jvm/java-8-openjdk-amd64/jre/lib/amd64/libverify.so
7fa8970af000-7fa8970b6000 r-xp 00000000 08:07 267152                     /lib/x86_64-linux-gnu/librt-2.27.so
7fa8970b6000-7fa8972b5000 ---p 00007000 08:07 267152                     /lib/x86_64-linux-gnu/librt-2.27.so
7fa8972b5000-7fa8972b6000 r--p 00006000 08:07 267152                     /lib/x86_64-linux-gnu/librt-2.27.so
7fa8972b6000-7fa8972b7000 rw-p 00007000 08:07 267152                     /lib/x86_64-linux-gnu/librt-2.27.so
7fa8972b7000-7fa8972ce000 r-xp 00000000 08:07 262338                     /lib/x86_64-linux-gnu/libgcc_s.so.1
7fa8972ce000-7fa8974cd000 ---p 00017000 08:07 262338                     /lib/x86_64-linux-gnu/libgcc_s.so.1
7fa8974cd000-7fa8974ce000 r--p 00016000 08:07 262338                     /lib/x86_64-linux-gnu/libgcc_s.so.1
7fa8974ce000-7fa8974cf000 rw-p 00017000 08:07 262338                     /lib/x86_64-linux-gnu/libgcc_s.so.1
7fa8974cf000-7fa89766c000 r-xp 00000000 08:07 267074                     /lib/x86_64-linux-gnu/libm-2.27.so
7fa89766c000-7fa89786b000 ---p 0019d000 08:07 267074                     /lib/x86_64-linux-gnu/libm-2.27.so
7fa89786b000-7fa89786c000 r--p 0019c000 08:07 267074                     /lib/x86_64-linux-gnu/libm-2.27.so
7fa89786c000-7fa89786d000 rw-p 0019d000 08:07 267074                     /lib/x86_64-linux-gnu/libm-2.27.so
7fa89786d000-7fa8979e6000 r-xp 00000000 08:07 4982008                    /usr/lib/x86_64-linux-gnu/libstdc++.so.6.0.25
7fa8979e6000-7fa897be6000 ---p 00179000 08:07 4982008                    /usr/lib/x86_64-linux-gnu/libstdc++.so.6.0.25
7fa897be6000-7fa897bf0000 r--p 00179000 08:07 4982008                    /usr/lib/x86_64-linux-gnu/libstdc++.so.6.0.25
7fa897bf0000-7fa897bf2000 rw-p 00183000 08:07 4982008                    /usr/lib/x86_64-linux-gnu/libstdc++.so.6.0.25
7fa897bf2000-7fa897bf6000 rw-p 00000000 00:00 0 
7fa897bf6000-7fa898895000 r-xp 00000000 08:07 4984360                    /usr/lib/jvm/java-8-openjdk-amd64/jre/lib/amd64/server/libjvm.so
7fa898895000-7fa898a95000 ---p 00c9f000 08:07 4984360                    /usr/lib/jvm/java-8-openjdk-amd64/jre/lib/amd64/server/libjvm.so
7fa898a95000-7fa898b29000 r--p 00c9f000 08:07 4984360                    /usr/lib/jvm/java-8-openjdk-amd64/jre/lib/amd64/server/libjvm.so
7fa898b29000-7fa898b52000 rw-p 00d33000 08:07 4984360                    /usr/lib/jvm/java-8-openjdk-amd64/jre/lib/amd64/server/libjvm.so
7fa898b52000-7fa898b82000 rw-p 00000000 00:00 0 
7fa898b82000-7fa898b9c000 r-xp 00000000 08:07 267144                     /lib/x86_64-linux-gnu/libpthread-2.27.so
7fa898b9c000-7fa898d9b000 ---p 0001a000 08:07 267144                     /lib/x86_64-linux-gnu/libpthread-2.27.so
7fa898d9b000-7fa898d9c000 r--p 00019000 08:07 267144                     /lib/x86_64-linux-gnu/libpthread-2.27.so
7fa898d9c000-7fa898d9d000 rw-p 0001a000 08:07 267144                     /lib/x86_64-linux-gnu/libpthread-2.27.so
7fa898d9d000-7fa898da1000 rw-p 00000000 00:00 0 
7fa898da1000-7fa898da4000 r-xp 00000000 08:07 267034                     /lib/x86_64-linux-gnu/libdl-2.27.so
7fa898da4000-7fa898fa3000 ---p 00003000 08:07 267034                     /lib/x86_64-linux-gnu/libdl-2.27.so
7fa898fa3000-7fa898fa4000 r--p 00002000 08:07 267034                     /lib/x86_64-linux-gnu/libdl-2.27.so
7fa898fa4000-7fa898fa5000 rw-p 00003000 08:07 267034                     /lib/x86_64-linux-gnu/libdl-2.27.so
7fa898fa5000-7fa898fc1000 r-xp 00000000 08:07 267183                     /lib/x86_64-linux-gnu/libz.so.1.2.11
7fa898fc1000-7fa8991c0000 ---p 0001c000 08:07 267183                     /lib/x86_64-linux-gnu/libz.so.1.2.11
7fa8991c0000-7fa8991c1000 r--p 0001b000 08:07 267183                     /lib/x86_64-linux-gnu/libz.so.1.2.11
7fa8991c1000-7fa8991c2000 rw-p 0001c000 08:07 267183                     /lib/x86_64-linux-gnu/libz.so.1.2.11
7fa8991c2000-7fa8993a9000 r-xp 00000000 08:07 267011                     /lib/x86_64-linux-gnu/libc-2.27.so
7fa8993a9000-7fa8995a9000 ---p 001e7000 08:07 267011                     /lib/x86_64-linux-gnu/libc-2.27.so
7fa8995a9000-7fa8995ad000 r--p 001e7000 08:07 267011                     /lib/x86_64-linux-gnu/libc-2.27.so
7fa8995ad000-7fa8995af000 rw-p 001eb000 08:07 267011                     /lib/x86_64-linux-gnu/libc-2.27.so
7fa8995af000-7fa8995b3000 rw-p 00000000 00:00 0 
7fa8995b3000-7fa8995c1000 r-xp 00000000 08:07 4984321                    /usr/lib/jvm/java-8-openjdk-amd64/jre/lib/amd64/jli/libjli.so
7fa8995c1000-7fa8997c0000 ---p 0000e000 08:07 4984321                    /usr/lib/jvm/java-8-openjdk-amd64/jre/lib/amd64/jli/libjli.so
7fa8997c0000-7fa8997c1000 r--p 0000d000 08:07 4984321                    /usr/lib/jvm/java-8-openjdk-amd64/jre/lib/amd64/jli/libjli.so
7fa8997c1000-7fa8997c2000 rw-p 0000e000 08:07 4984321                    /usr/lib/jvm/java-8-openjdk-amd64/jre/lib/amd64/jli/libjli.so
7fa8997c2000-7fa8997e9000 r-xp 00000000 08:07 266983                     /lib/x86_64-linux-gnu/ld-2.27.so
7fa8997e9000-7fa8997eb000 r--s 00001000 08:07 4984373                    /usr/lib/jvm/java-8-openjdk-amd64/jre/lib/ext/dnsns.jar
7fa8997eb000-7fa899806000 r--s 00394000 08:07 4984371                    /usr/lib/jvm/java-8-openjdk-amd64/jre/lib/ext/cldrdata.jar
7fa899806000-7fa8998cd000 rw-p 00000000 00:00 0 
7fa8998cd000-7fa8998ce000 ---p 00000000 00:00 0 
7fa8998ce000-7fa8998d1000 ---p 00000000 00:00 0 
7fa8998d1000-7fa8999d0000 rw-p 00000000 00:00 0 
7fa8999d0000-7fa8999d1000 r--s 0000a000 08:07 4984375                    /usr/lib/jvm/java-8-openjdk-amd64/jre/lib/ext/jaccess.jar
7fa8999d1000-7fa8999d3000 r--s 00007000 08:07 655641                     /usr/share/java/java-atk-wrapper.jar
7fa8999d3000-7fa8999d6000 r--s 00039000 08:07 4984380                    /usr/lib/jvm/java-8-openjdk-amd64/jre/lib/ext/sunpkcs11.jar
7fa8999d6000-7fa8999d7000 r--s 00010000 08:07 4984381                    /usr/lib/jvm/java-8-openjdk-amd64/jre/lib/ext/zipfs.jar
7fa8999d7000-7fa8999d8000 r--s 0000d000 08:07 4984378                    /usr/lib/jvm/java-8-openjdk-amd64/jre/lib/ext/sunec.jar
7fa8999d8000-7fa8999dd000 r--s 0003c000 08:07 4984379                    /usr/lib/jvm/java-8-openjdk-amd64/jre/lib/ext/sunjce_provider.jar
7fa8999dd000-7fa8999e5000 rw-s 00000000 08:07 4850325                    /tmp/hsperfdata_bhargavi/25709
7fa8999e5000-7fa8999e6000 rw-p 00000000 00:00 0 
7fa8999e6000-7fa8999e7000 ---p 00000000 00:00 0 
7fa8999e7000-7fa8999e9000 rw-p 00000000 00:00 0 
7fa8999e9000-7fa8999ea000 r--p 00027000 08:07 266983                     /lib/x86_64-linux-gnu/ld-2.27.so
7fa8999ea000-7fa8999eb000 rw-p 00028000 08:07 266983                     /lib/x86_64-linux-gnu/ld-2.27.so
7fa8999eb000-7fa8999ec000 rw-p 00000000 00:00 0 
7fff74ce0000-7fff74d01000 rw-p 00000000 00:00 0                          [stack]
7fff74df0000-7fff74df3000 r--p 00000000 00:00 0                          [vvar]
7fff74df3000-7fff74df5000 r-xp 00000000 00:00 0                          [vdso]
ffffffffff600000-ffffffffff601000 r-xp 00000000 00:00 0                  [vsyscall]

VM Arguments:
jvm_args: -agentlib:jdwp=transport=dt_socket,address=localhost:36273,suspend=n,server=y -Xdebug -Xmx1536M -Dsbt.supershell=false -Didea.managed=true -Dfile.encoding=UTF-8 
java_command: /home/bhargavi/.local/share/JetBrains/Toolbox/apps/IDEA-C/ch-0/192.6817.14.plugins/Scala/launcher/sbt-launch.jar --addPluginSbtFile=/tmp/idea.sbt ; set ideaPort in Global := 45087 ; idea-shell
java_class_path (initial): /home/bhargavi/.local/share/JetBrains/Toolbox/apps/IDEA-C/ch-0/192.6817.14.plugins/Scala/launcher/sbt-launch.jar
Launcher Type: SUN_STANDARD

Environment Variables:
PATH=/usr/local/sbin:/usr/local/bin:/usr/sbin:/usr/bin:/sbin:/bin:/usr/games:/usr/local/games:/snap/bin
USERNAME=bhargavi
SHELL=/bin/bash
DISPLAY=:0

Signal Handlers:
SIGSEGV: [libjvm.so+0xab92f0], sa_mask[0]=11111111011111111101111111111110, sa_flags=SA_RESTART|SA_SIGINFO
SIGBUS: [libjvm.so+0xab92f0], sa_mask[0]=11111111011111111101111111111110, sa_flags=SA_RESTART|SA_SIGINFO
SIGFPE: [libjvm.so+0x8ee560], sa_mask[0]=11111111011111111101111111111110, sa_flags=SA_RESTART|SA_SIGINFO
SIGPIPE: [libjvm.so+0x8ee560], sa_mask[0]=11111111011111111101111111111110, sa_flags=SA_RESTART|SA_SIGINFO
SIGXFSZ: [libjvm.so+0x8ee560], sa_mask[0]=11111111011111111101111111111110, sa_flags=SA_RESTART|SA_SIGINFO
SIGILL: [libjvm.so+0x8ee560], sa_mask[0]=11111111011111111101111111111110, sa_flags=SA_RESTART|SA_SIGINFO
SIGUSR1: SIG_DFL, sa_mask[0]=00000000000000000000000000000000, sa_flags=none
SIGUSR2: [libjvm.so+0x8ee410], sa_mask[0]=00100000000000000000000000000000, sa_flags=SA_RESTART|SA_SIGINFO
SIGHUP: [libjvm.so+0x8eea80], sa_mask[0]=11111111011111111101111111111110, sa_flags=SA_RESTART|SA_SIGINFO
SIGINT: [libjvm.so+0x8eea80], sa_mask[0]=11111111011111111101111111111110, sa_flags=SA_RESTART|SA_SIGINFO
SIGTERM: [libjvm.so+0x8eea80], sa_mask[0]=11111111011111111101111111111110, sa_flags=SA_RESTART|SA_SIGINFO
SIGQUIT: [libjvm.so+0x8eea80], sa_mask[0]=11111111011111111101111111111110, sa_flags=SA_RESTART|SA_SIGINFO


---------------  S Y S T E M  ---------------

OS:DISTRIB_ID=Ubuntu
DISTRIB_RELEASE=18.04
DISTRIB_CODENAME=bionic
DISTRIB_DESCRIPTION="Ubuntu 18.04.3 LTS"

uname:Linux 4.15.0-65-generic #74-Ubuntu SMP Tue Sep 17 17:06:04 UTC 2019 x86_64
libc:glibc 2.27 NPTL 2.27 
rlimit: STACK 8192k, CORE 0k, NPROC 30528, NOFILE 1048576, AS infinity
load average:37.02 51.85 32.25

/proc/meminfo:
MemTotal:        7901672 kB
MemFree:          123988 kB
MemAvailable:      46628 kB
Buffers:            3776 kB
Cached:           558164 kB
SwapCached:         1292 kB
Active:          6295624 kB
Inactive:         962916 kB
Active(anon):    6282952 kB
Inactive(anon):   929136 kB
Active(file):      12672 kB
Inactive(file):    33780 kB
Unevictable:          48 kB
Mlocked:              48 kB
SwapTotal:       2097148 kB
SwapFree:              0 kB
Dirty:                24 kB
Writeback:             0 kB
AnonPages:       6696124 kB
Mapped:           211556 kB
Shmem:            515084 kB
Slab:             232424 kB
SReclaimable:      74668 kB
SUnreclaim:       157756 kB
KernelStack:       27536 kB
PageTables:       133964 kB
NFS_Unstable:          0 kB
Bounce:                0 kB
WritebackTmp:          0 kB
CommitLimit:     6047984 kB
Committed_AS:   20604204 kB
VmallocTotal:   34359738367 kB
VmallocUsed:           0 kB
VmallocChunk:          0 kB
HardwareCorrupted:     0 kB
AnonHugePages:         0 kB
ShmemHugePages:        0 kB
ShmemPmdMapped:        0 kB
CmaTotal:              0 kB
CmaFree:               0 kB
HugePages_Total:       0
HugePages_Free:        0
HugePages_Rsvd:        0
HugePages_Surp:        0
Hugepagesize:       2048 kB
DirectMap4k:      527092 kB
DirectMap2M:     7596032 kB
DirectMap1G:     1048576 kB

container (cgroup) information:
container_type: cgroupv1
cpu_cpuset_cpus: 0-7
cpu_memory_nodes: 0
active_processor_count: 8
cpu_quota: -1
cpu_period: 100000
cpu_shares: -1
memory_limit_in_bytes: -1
memory_and_swap_limit_in_bytes: -2
memory_soft_limit_in_bytes: -1
memory_usage_in_bytes: 7633039360
memory_max_usage_in_bytes: 7638073344


CPU:total 8 (initial active 8) (4 cores per cpu, 2 threads per core) family 6 model 142 stepping 10, cmov, cx8, fxsr, mmx, sse, sse2, sse3, ssse3, sse4.1, sse4.2, popcnt, avx, avx2, aes, clmul, erms, 3dnowpref, lzcnt, ht, tsc, tscinvbit, bmi1, bmi2, adx

/proc/cpuinfo:
processor	: 0
vendor_id	: GenuineIntel
cpu family	: 6
model		: 142
model name	: Intel(R) Core(TM) i7-8550U CPU @ 1.80GHz
stepping	: 10
microcode	: 0xb4
cpu MHz		: 3100.000
cache size	: 8192 KB
physical id	: 0
siblings	: 8
core id		: 0
cpu cores	: 4
apicid		: 0
initial apicid	: 0
fpu		: yes
fpu_exception	: yes
cpuid level	: 22
wp		: yes
flags		: fpu vme de pse tsc msr pae mce cx8 apic sep mtrr pge mca cmov pat pse36 clflush dts acpi mmx fxsr sse sse2 ss ht tm pbe syscall nx pdpe1gb rdtscp lm constant_tsc art arch_perfmon pebs bts rep_good nopl xtopology nonstop_tsc cpuid aperfmperf tsc_known_freq pni pclmulqdq dtes64 monitor ds_cpl vmx est tm2 ssse3 sdbg fma cx16 xtpr pdcm pcid sse4_1 sse4_2 x2apic movbe popcnt tsc_deadline_timer aes xsave avx f16c rdrand lahf_lm abm 3dnowprefetch cpuid_fault epb invpcid_single pti ssbd ibrs ibpb stibp tpr_shadow vnmi flexpriority ept vpid fsgsbase tsc_adjust bmi1 avx2 smep bmi2 erms invpcid mpx rdseed adx smap clflushopt intel_pt xsaveopt xsavec xgetbv1 xsaves dtherm ida arat pln pts hwp hwp_notify hwp_act_window hwp_epp md_clear flush_l1d
bugs		: cpu_meltdown spectre_v1 spectre_v2 spec_store_bypass l1tf mds swapgs
bogomips	: 3984.00
clflush size	: 64
cache_alignment	: 64
address sizes	: 39 bits physical, 48 bits virtual
power management:

processor	: 1
vendor_id	: GenuineIntel
cpu family	: 6
model		: 142
model name	: Intel(R) Core(TM) i7-8550U CPU @ 1.80GHz
stepping	: 10
microcode	: 0xb4
cpu MHz		: 3099.702
cache size	: 8192 KB
physical id	: 0
siblings	: 8
core id		: 1
cpu cores	: 4
apicid		: 2
initial apicid	: 2
fpu		: yes
fpu_exception	: yes
cpuid level	: 22
wp		: yes
flags		: fpu vme de pse tsc msr pae mce cx8 apic sep mtrr pge mca cmov pat pse36 clflush dts acpi mmx fxsr sse sse2 ss ht tm pbe syscall nx pdpe1gb rdtscp lm constant_tsc art arch_perfmon pebs bts rep_good nopl xtopology nonstop_tsc cpuid aperfmperf tsc_known_freq pni pclmulqdq dtes64 monitor ds_cpl vmx est tm2 ssse3 sdbg fma cx16 xtpr pdcm pcid sse4_1 sse4_2 x2apic movbe popcnt tsc_deadline_timer aes xsave avx f16c rdrand lahf_lm abm 3dnowprefetch cpuid_fault epb invpcid_single pti ssbd ibrs ibpb stibp tpr_shadow vnmi flexpriority ept vpid fsgsbase tsc_adjust bmi1 avx2 smep bmi2 erms invpcid mpx rdseed adx smap clflushopt intel_pt xsaveopt xsavec xgetbv1 xsaves dtherm ida arat pln pts hwp hwp_notify hwp_act_window hwp_epp md_clear flush_l1d
bugs		: cpu_meltdown spectre_v1 spectre_v2 spec_store_bypass l1tf mds swapgs
bogomips	: 3984.00
clflush size	: 64
cache_alignment	: 64
address sizes	: 39 bits physical, 48 bits virtual
power management:

processor	: 2
vendor_id	: GenuineIntel
cpu family	: 6
model		: 142
model name	: Intel(R) Core(TM) i7-8550U CPU @ 1.80GHz
stepping	: 10
microcode	: 0xb4
cpu MHz		: 3099.998
cache size	: 8192 KB
physical id	: 0
siblings	: 8
core id		: 2
cpu cores	: 4
apicid		: 4
initial apicid	: 4
fpu		: yes
fpu_exception	: yes
cpuid level	: 22
wp		: yes
flags		: fpu vme de pse tsc msr pae mce cx8 apic sep mtrr pge mca cmov pat pse36 clflush dts acpi mmx fxsr sse sse2 ss ht tm pbe syscall nx pdpe1gb rdtscp lm constant_tsc art arch_perfmon pebs bts rep_good nopl xtopology nonstop_tsc cpuid aperfmperf tsc_known_freq pni pclmulqdq dtes64 monitor ds_cpl vmx est tm2 ssse3 sdbg fma cx16 xtpr pdcm pcid sse4_1 sse4_2 x2apic movbe popcnt tsc_deadline_timer aes xsave avx f16c rdrand lahf_lm abm 3dnowprefetch cpuid_fault epb invpcid_single pti ssbd ibrs ibpb stibp tpr_shadow vnmi flexpriority ept vpid fsgsbase tsc_adjust bmi1 avx2 smep bmi2 erms invpcid mpx rdseed adx smap clflushopt intel_pt xsaveopt xsavec xgetbv1 xsaves dtherm ida arat pln pts hwp hwp_notify hwp_act_window hwp_epp md_clear flush_l1d
bugs		: cpu_meltdown spectre_v1 spectre_v2 spec_store_bypass l1tf mds swapgs
bogomips	: 3984.00
clflush size	: 64
cache_alignment	: 64
address sizes	: 39 bits physical, 48 bits virtual
power management:

processor	: 3
vendor_id	: GenuineIntel
cpu family	: 6
model		: 142
model name	: Intel(R) Core(TM) i7-8550U CPU @ 1.80GHz
stepping	: 10
microcode	: 0xb4
cpu MHz		: 3099.931
cache size	: 8192 KB
physical id	: 0
siblings	: 8
core id		: 3
cpu cores	: 4
apicid		: 6
initial apicid	: 6
fpu		: yes
fpu_exception	: yes
cpuid level	: 22
wp		: yes
flags		: fpu vme de pse tsc msr pae mce cx8 apic sep mtrr pge mca cmov pat pse36 clflush dts acpi mmx fxsr sse sse2 ss ht tm pbe syscall nx pdpe1gb rdtscp lm constant_tsc art arch_perfmon pebs bts rep_good nopl xtopology nonstop_tsc cpuid aperfmperf tsc_known_freq pni pclmulqdq dtes64 monitor ds_cpl vmx est tm2 ssse3 sdbg fma cx16 xtpr pdcm pcid sse4_1 sse4_2 x2apic movbe popcnt tsc_deadline_timer aes xsave avx f16c rdrand lahf_lm abm 3dnowprefetch cpuid_fault epb invpcid_single pti ssbd ibrs ibpb stibp tpr_shadow vnmi flexpriority ept vpid fsgsbase tsc_adjust bmi1 avx2 smep bmi2 erms invpcid mpx rdseed adx smap clflushopt intel_pt xsaveopt xsavec xgetbv1 xsaves dtherm ida arat pln pts hwp hwp_notify hwp_act_window hwp_epp md_clear flush_l1d
bugs		: cpu_meltdown spectre_v1 spectre_v2 spec_store_bypass l1tf mds swapgs
bogomips	: 3984.00
clflush size	: 64
cache_alignment	: 64
address sizes	: 39 bits physical, 48 bits virtual
power management:

processor	: 4
vendor_id	: GenuineIntel
cpu family	: 6
model		: 142
model name	: Intel(R) Core(TM) i7-8550U CPU @ 1.80GHz
stepping	: 10
microcode	: 0xb4
cpu MHz		: 3100.003
cache size	: 8192 KB
physical id	: 0
siblings	: 8
core id		: 0
cpu cores	: 4
apicid		: 1
initial apicid	: 1
fpu		: yes
fpu_exception	: yes
cpuid level	: 22
wp		: yes
flags		: fpu vme de pse tsc msr pae mce cx8 apic sep mtrr pge mca cmov pat pse36 clflush dts acpi mmx fxsr sse sse2 ss ht tm pbe syscall nx pdpe1gb rdtscp lm constant_tsc art arch_perfmon pebs bts rep_good nopl xtopology nonstop_tsc cpuid aperfmperf tsc_known_freq pni pclmulqdq dtes64 monitor ds_cpl vmx est tm2 ssse3 sdbg fma cx16 xtpr pdcm pcid sse4_1 sse4_2 x2apic movbe popcnt tsc_deadline_timer aes xsave avx f16c rdrand lahf_lm abm 3dnowprefetch cpuid_fault epb invpcid_single pti ssbd ibrs ibpb stibp tpr_shadow vnmi flexpriority ept vpid fsgsbase tsc_adjust bmi1 avx2 smep bmi2 erms invpcid mpx rdseed adx smap clflushopt intel_pt xsaveopt xsavec xgetbv1 xsaves dtherm ida arat pln pts hwp hwp_notify hwp_act_window hwp_epp md_clear flush_l1d
bugs		: cpu_meltdown spectre_v1 spectre_v2 spec_store_bypass l1tf mds swapgs
bogomips	: 3984.00
clflush size	: 64
cache_alignment	: 64
address sizes	: 39 bits physical, 48 bits virtual
power management:

processor	: 5
vendor_id	: GenuineIntel
cpu family	: 6
model		: 142
model name	: Intel(R) Core(TM) i7-8550U CPU @ 1.80GHz
stepping	: 10
microcode	: 0xb4
cpu MHz		: 3099.999
cache size	: 8192 KB
physical id	: 0
siblings	: 8
core id		: 1
cpu cores	: 4
apicid		: 3
initial apicid	: 3
fpu		: yes
fpu_exception	: yes
cpuid level	: 22
wp		: yes
flags		: fpu vme de pse tsc msr pae mce cx8 apic sep mtrr pge mca cmov pat pse36 clflush dts acpi mmx fxsr sse sse2 ss ht tm pbe syscall nx pdpe1gb rdtscp lm constant_tsc art arch_perfmon pebs bts rep_good nopl xtopology nonstop_tsc cpuid aperfmperf tsc_known_freq pni pclmulqdq dtes64 monitor ds_cpl vmx est tm2 ssse3 sdbg fma cx16 xtpr pdcm pcid sse4_1 sse4_2 x2apic movbe popcnt tsc_deadline_timer aes xsave avx f16c rdrand lahf_lm abm 3dnowprefetch cpuid_fault epb invpcid_single pti ssbd ibrs ibpb stibp tpr_shadow vnmi flexpriority ept vpid fsgsbase tsc_adjust bmi1 avx2 smep bmi2 erms invpcid mpx rdseed adx smap clflushopt intel_pt xsaveopt xsavec xgetbv1 xsaves dtherm ida arat pln pts hwp hwp_notify hwp_act_window hwp_epp md_clear flush_l1d
bugs		: cpu_meltdown spectre_v1 spectre_v2 spec_store_bypass l1tf mds swapgs
bogomips	: 3984.00
clflush size	: 64
cache_alignment	: 64
address sizes	: 39 bits physical, 48 bits virtual
power management:

processor	: 6
vendor_id	: GenuineIntel
cpu family	: 6
model		: 142
model name	: Intel(R) Core(TM) i7-8550U CPU @ 1.80GHz
stepping	: 10
microcode	: 0xb4
cpu MHz		: 3099.999
cache size	: 8192 KB
physical id	: 0
siblings	: 8
core id		: 2
cpu cores	: 4
apicid		: 5
initial apicid	: 5
fpu		: yes
fpu_exception	: yes
cpuid level	: 22
wp		: yes
flags		: fpu vme de pse tsc msr pae mce cx8 apic sep mtrr pge mca cmov pat pse36 clflush dts acpi mmx fxsr sse sse2 ss ht tm pbe syscall nx pdpe1gb rdtscp lm constant_tsc art arch_perfmon pebs bts rep_good nopl xtopology nonstop_tsc cpuid aperfmperf tsc_known_freq pni pclmulqdq dtes64 monitor ds_cpl vmx est tm2 ssse3 sdbg fma cx16 xtpr pdcm pcid sse4_1 sse4_2 x2apic movbe popcnt tsc_deadline_timer aes xsave avx f16c rdrand lahf_lm abm 3dnowprefetch cpuid_fault epb invpcid_single pti ssbd ibrs ibpb stibp tpr_shadow vnmi flexpriority ept vpid fsgsbase tsc_adjust bmi1 avx2 smep bmi2 erms invpcid mpx rdseed adx smap clflushopt intel_pt xsaveopt xsavec xgetbv1 xsaves dtherm ida arat pln pts hwp hwp_notify hwp_act_window hwp_epp md_clear flush_l1d
bugs		: cpu_meltdown spectre_v1 spectre_v2 spec_store_bypass l1tf mds swapgs
bogomips	: 3984.00
clflush size	: 64
cache_alignment	: 64
address sizes	: 39 bits physical, 48 bits virtual
power management:

processor	: 7
vendor_id	: GenuineIntel
cpu family	: 6
model		: 142
model name	: Intel(R) Core(TM) i7-8550U CPU @ 1.80GHz
stepping	: 10
microcode	: 0xb4
cpu MHz		: 3099.919
cache size	: 8192 KB
physical id	: 0
siblings	: 8
core id		: 3
cpu cores	: 4
apicid		: 7
initial apicid	: 7
fpu		: yes
fpu_exception	: yes
cpuid level	: 22
wp		: yes
flags		: fpu vme de pse tsc msr pae mce cx8 apic sep mtrr pge mca cmov pat pse36 clflush dts acpi mmx fxsr sse sse2 ss ht tm pbe syscall nx pdpe1gb rdtscp lm constant_tsc art arch_perfmon pebs bts rep_good nopl xtopology nonstop_tsc cpuid aperfmperf tsc_known_freq pni pclmulqdq dtes64 monitor ds_cpl vmx est tm2 ssse3 sdbg fma cx16 xtpr pdcm pcid sse4_1 sse4_2 x2apic movbe popcnt tsc_deadline_timer aes xsave avx f16c rdrand lahf_lm abm 3dnowprefetch cpuid_fault epb invpcid_single pti ssbd ibrs ibpb stibp tpr_shadow vnmi flexpriority ept vpid fsgsbase tsc_adjust bmi1 avx2 smep bmi2 erms invpcid mpx rdseed adx smap clflushopt intel_pt xsaveopt xsavec xgetbv1 xsaves dtherm ida arat pln pts hwp hwp_notify hwp_act_window hwp_epp md_clear flush_l1d
bugs		: cpu_meltdown spectre_v1 spectre_v2 spec_store_bypass l1tf mds swapgs
bogomips	: 3984.00
clflush size	: 64
cache_alignment	: 64
address sizes	: 39 bits physical, 48 bits virtual
power management:



Memory: 4k page, physical 7901672k(137244k free), swap 2097148k(0k free)

vm_info: OpenJDK 64-Bit Server VM (25.222-b10) for linux-amd64 JRE (1.8.0_222-8u222-b10-1ubuntu1~18.04.1-b10), built on Jul 18 2019 18:52:48 by "buildd" with gcc 7.4.0

time: Tue Oct 22 16:25:39 2019
timezone: EDT
elapsed time: 655 seconds (0d 0h 10m 55s)

